TN:
SF:/Users/veith/Projects/veith/furoBaseComponents/packages/furo-route/furo-app-flow-router.js
FN:19,(anonymous_0)
FN:42,(anonymous_1)
FN:51,(anonymous_2)
FN:55,(anonymous_3)
FN:85,(anonymous_4)
FN:132,(anonymous_5)
FN:136,(anonymous_6)
FNF:7
FNH:7
FNDA:8,(anonymous_0)
FNDA:1,(anonymous_1)
FNDA:1,(anonymous_2)
FNDA:2,(anonymous_3)
FNDA:11,(anonymous_4)
FNDA:8,(anonymous_5)
FNDA:64,(anonymous_6)
DA:20,8
DA:21,8
DA:35,8
DA:44,1
DA:52,1
DA:56,2
DA:87,11
DA:88,11
DA:89,11
DA:90,11
DA:91,11
DA:92,10
DA:93,10
DA:94,10
DA:95,5
DA:98,10
DA:99,3
DA:101,10
DA:102,0
DA:104,10
DA:112,10
DA:113,10
DA:114,10
DA:115,10
DA:123,1
DA:124,1
DA:125,1
DA:126,1
DA:133,8
DA:134,8
DA:136,8
DA:137,64
DA:143,2
LF:33
LH:32
BRDA:35,0,0,8
BRDA:35,0,1,0
BRDA:89,1,0,11
BRDA:89,1,1,0
BRDA:90,2,0,11
BRDA:90,2,1,8
BRDA:91,3,0,10
BRDA:91,3,1,1
BRDA:98,4,0,3
BRDA:98,4,1,7
BRDA:101,5,0,0
BRDA:101,5,1,10
BRF:12
BRH:9
end_of_record
TN:
SF:/Users/veith/Projects/veith/furoBaseComponents/packages/furo-route/furo-app-flow.js
FN:6,TypeAppFlow
FN:20,(anonymous_1)
FN:25,(anonymous_2)
FN:40,(anonymous_3)
FNF:4
FNH:4
FNDA:16,TypeAppFlow
FNDA:13,(anonymous_1)
FNDA:2,(anonymous_2)
FNDA:16,(anonymous_3)
DA:7,16
DA:8,16
DA:21,13
DA:22,13
DA:26,2
DA:42,16
DA:44,16
DA:45,9
DA:54,16
DA:55,16
DA:56,16
DA:57,16
DA:61,2
LF:13
LH:13
BRF:0
BRH:0
end_of_record
