TN:
SF:/Users/veith/Projects/veith/furoBaseComponents/node_modules/@furo/data/api-fetch.js
FN:62,(anonymous_0)
FN:89,(anonymous_1)
FN:100,(anonymous_2)
FN:112,(anonymous_3)
FN:118,(anonymous_4)
FN:128,(anonymous_5)
FN:130,(anonymous_6)
FN:145,(anonymous_7)
FN:148,(anonymous_8)
FN:168,(anonymous_9)
FN:173,(anonymous_10)
FN:197,(anonymous_11)
FN:202,(anonymous_12)
FN:205,(anonymous_13)
FN:209,(anonymous_14)
FN:235,(anonymous_15)
FN:267,(anonymous_16)
FN:289,(anonymous_17)
FN:311,(anonymous_18)
FN:318,(anonymous_19)
FN:319,(anonymous_20)
FN:325,(anonymous_21)
FN:331,(anonymous_22)
FN:338,(anonymous_23)
FN:344,(anonymous_24)
FN:351,(anonymous_25)
FN:355,(anonymous_26)
FN:364,(anonymous_27)
FN:371,(anonymous_28)
FN:375,(anonymous_29)
FN:384,(anonymous_30)
FN:391,(anonymous_31)
FN:397,(anonymous_32)
FNF:33
FNH:0
FNDA:0,(anonymous_0)
FNDA:0,(anonymous_1)
FNDA:0,(anonymous_2)
FNDA:0,(anonymous_3)
FNDA:0,(anonymous_4)
FNDA:0,(anonymous_5)
FNDA:0,(anonymous_6)
FNDA:0,(anonymous_7)
FNDA:0,(anonymous_8)
FNDA:0,(anonymous_9)
FNDA:0,(anonymous_10)
FNDA:0,(anonymous_11)
FNDA:0,(anonymous_12)
FNDA:0,(anonymous_13)
FNDA:0,(anonymous_14)
FNDA:0,(anonymous_15)
FNDA:0,(anonymous_16)
FNDA:0,(anonymous_17)
FNDA:0,(anonymous_18)
FNDA:0,(anonymous_19)
FNDA:0,(anonymous_20)
FNDA:0,(anonymous_21)
FNDA:0,(anonymous_22)
FNDA:0,(anonymous_23)
FNDA:0,(anonymous_24)
FNDA:0,(anonymous_25)
FNDA:0,(anonymous_26)
FNDA:0,(anonymous_27)
FNDA:0,(anonymous_28)
FNDA:0,(anonymous_29)
FNDA:0,(anonymous_30)
FNDA:0,(anonymous_31)
FNDA:0,(anonymous_32)
DA:63,0
DA:71,0
DA:76,0
DA:81,0
DA:90,0
DA:91,0
DA:101,0
DA:102,0
DA:118,0
DA:119,0
DA:127,0
DA:128,0
DA:129,0
DA:131,0
DA:138,0
DA:140,0
DA:144,0
DA:146,0
DA:149,0
DA:150,0
DA:154,0
DA:156,0
DA:158,0
DA:170,0
DA:171,0
DA:173,0
DA:177,0
DA:178,0
DA:179,0
DA:180,0
DA:182,0
DA:187,0
DA:188,0
DA:189,0
DA:191,0
DA:197,0
DA:198,0
DA:202,0
DA:203,0
DA:205,0
DA:206,0
DA:207,0
DA:209,0
DA:210,0
DA:211,0
DA:214,0
DA:240,0
DA:242,0
DA:244,0
DA:248,0
DA:250,0
DA:258,0
DA:265,0
DA:267,0
DA:268,0
DA:270,0
DA:272,0
DA:276,0
DA:281,0
DA:291,0
DA:295,0
DA:313,0
DA:314,0
DA:316,0
DA:317,0
DA:319,0
DA:320,0
DA:326,0
DA:327,0
DA:331,0
DA:332,0
DA:339,0
DA:340,0
DA:344,0
DA:345,0
DA:352,0
DA:353,0
DA:354,0
DA:355,0
DA:356,0
DA:357,0
DA:361,0
DA:364,0
DA:365,0
DA:372,0
DA:373,0
DA:374,0
DA:375,0
DA:376,0
DA:377,0
DA:381,0
DA:384,0
DA:385,0
DA:392,0
DA:393,0
DA:397,0
DA:398,0
DA:405,0
DA:406,0
DA:412,3
LF:100
LH:1
BRDA:127,0,0,0
BRDA:127,0,1,0
BRDA:149,1,0,0
BRDA:149,1,1,0
BRDA:179,2,0,0
BRDA:179,2,1,0
BRDA:188,3,0,0
BRDA:188,3,1,0
BRDA:244,4,0,0
BRDA:244,4,1,0
BRDA:244,5,0,0
BRDA:244,5,1,0
BRDA:244,5,2,0
BRDA:268,6,0,0
BRDA:268,6,1,0
BRDA:314,7,0,0
BRDA:314,7,1,0
BRDA:326,8,0,0
BRDA:326,8,1,0
BRDA:339,9,0,0
BRDA:339,9,1,0
BRDA:352,10,0,0
BRDA:352,10,1,0
BRDA:372,11,0,0
BRDA:372,11,1,0
BRDA:392,12,0,0
BRDA:392,12,1,0
BRDA:405,13,0,0
BRDA:405,13,1,0
BRF:29
BRH:0
end_of_record
TN:
SF:/Users/veith/Projects/veith/furoBaseComponents/node_modules/@furo/data/append-object.js
FN:17,(anonymous_0)
FN:22,(anonymous_1)
FN:25,(anonymous_2)
FNF:3
FNH:0
FNDA:0,(anonymous_0)
FNDA:0,(anonymous_1)
FNDA:0,(anonymous_2)
DA:18,0
DA:19,0
DA:23,0
DA:26,0
DA:27,0
DA:34,0
DA:35,0
DA:36,0
DA:41,3
LF:9
LH:1
BRF:0
BRH:0
end_of_record
TN:
SF:/Users/veith/Projects/veith/furoBaseComponents/node_modules/@furo/data/collection-agent.js
FN:43,(anonymous_0)
FN:49,(anonymous_1)
FN:66,(anonymous_2)
FN:81,(anonymous_3)
FN:91,(anonymous_4)
FN:108,(anonymous_5)
FN:120,(anonymous_6)
FN:127,(anonymous_7)
FN:132,(anonymous_8)
FN:139,(anonymous_9)
FN:172,(anonymous_10)
FN:185,(anonymous_11)
FN:196,(anonymous_12)
FN:220,(anonymous_13)
FN:235,(anonymous_14)
FN:285,(anonymous_15)
FN:306,(anonymous_16)
FN:316,(anonymous_17)
FN:320,(anonymous_18)
FN:333,(anonymous_19)
FN:341,(anonymous_20)
FN:349,(anonymous_21)
FN:356,(anonymous_22)
FN:361,(anonymous_23)
FN:369,(anonymous_24)
FN:385,(anonymous_25)
FN:408,(anonymous_26)
FNF:27
FNH:1
FNDA:0,(anonymous_0)
FNDA:0,(anonymous_1)
FNDA:3,(anonymous_2)
FNDA:0,(anonymous_3)
FNDA:0,(anonymous_4)
FNDA:0,(anonymous_5)
FNDA:0,(anonymous_6)
FNDA:0,(anonymous_7)
FNDA:0,(anonymous_8)
FNDA:0,(anonymous_9)
FNDA:0,(anonymous_10)
FNDA:0,(anonymous_11)
FNDA:0,(anonymous_12)
FNDA:0,(anonymous_13)
FNDA:0,(anonymous_14)
FNDA:0,(anonymous_15)
FNDA:0,(anonymous_16)
FNDA:0,(anonymous_17)
FNDA:0,(anonymous_18)
FNDA:0,(anonymous_19)
FNDA:0,(anonymous_20)
FNDA:0,(anonymous_21)
FNDA:0,(anonymous_22)
FNDA:0,(anonymous_23)
FNDA:0,(anonymous_24)
FNDA:0,(anonymous_25)
FNDA:0,(anonymous_26)
DA:44,0
DA:45,0
DA:46,0
DA:49,0
DA:50,0
DA:56,0
DA:57,0
DA:58,0
DA:62,0
DA:63,0
DA:67,3
DA:82,0
DA:88,0
DA:90,0
DA:91,0
DA:92,0
DA:109,0
DA:121,0
DA:128,0
DA:133,0
DA:134,0
DA:140,0
DA:146,0
DA:147,0
DA:148,0
DA:173,0
DA:174,0
DA:175,0
DA:177,0
DA:179,0
DA:180,0
DA:186,0
DA:197,0
DA:198,0
DA:199,0
DA:200,0
DA:201,0
DA:203,0
DA:207,0
DA:213,0
DA:214,0
DA:215,0
DA:222,0
DA:223,0
DA:226,0
DA:227,0
DA:228,0
DA:230,0
DA:231,0
DA:232,0
DA:234,0
DA:235,0
DA:236,0
DA:237,0
DA:245,0
DA:246,0
DA:247,0
DA:253,0
DA:254,0
DA:258,0
DA:259,0
DA:263,0
DA:264,0
DA:268,0
DA:269,0
DA:270,0
DA:271,0
DA:274,0
DA:275,0
DA:278,0
DA:287,0
DA:289,0
DA:290,0
DA:294,0
DA:295,0
DA:296,0
DA:299,0
DA:300,0
DA:301,0
DA:303,0
DA:307,0
DA:308,0
DA:310,0
DA:317,0
DA:321,0
DA:322,0
DA:323,0
DA:325,0
DA:334,0
DA:342,0
DA:350,0
DA:357,0
DA:363,0
DA:364,0
DA:367,0
DA:368,0
DA:369,0
DA:370,0
DA:377,0
DA:378,0
DA:379,0
DA:380,0
DA:382,0
DA:386,0
DA:392,0
DA:393,0
DA:394,0
DA:396,0
DA:397,0
DA:400,0
DA:401,0
DA:402,0
DA:410,0
DA:427,3
LF:114
LH:2
BRDA:50,0,0,0
BRDA:50,0,1,0
BRDA:133,1,0,0
BRDA:133,1,1,0
BRDA:173,2,0,0
BRDA:173,2,1,0
BRDA:179,3,0,0
BRDA:179,3,1,0
BRDA:199,4,0,0
BRDA:199,4,1,0
BRDA:200,5,0,0
BRDA:200,5,1,0
BRDA:207,6,0,0
BRDA:207,6,1,0
BRDA:222,7,0,0
BRDA:222,7,1,0
BRDA:234,8,0,0
BRDA:234,8,1,0
BRDA:246,9,0,0
BRDA:246,9,1,0
BRDA:253,10,0,0
BRDA:253,10,1,0
BRDA:258,11,0,0
BRDA:258,11,1,0
BRDA:263,12,0,0
BRDA:263,12,1,0
BRDA:270,13,0,0
BRDA:270,13,1,0
BRDA:274,14,0,0
BRDA:274,14,1,0
BRDA:287,15,0,0
BRDA:287,15,1,0
BRDA:294,16,0,0
BRDA:294,16,1,0
BRDA:299,17,0,0
BRDA:299,17,1,0
BRDA:307,18,0,0
BRDA:307,18,1,0
BRDA:321,19,0,0
BRDA:321,19,1,0
BRDA:363,20,0,0
BRDA:363,20,1,0
BRDA:363,21,0,0
BRDA:363,21,1,0
BRDA:363,21,2,0
BRDA:363,21,3,0
BRDA:363,21,4,0
BRDA:367,22,0,0
BRDA:367,22,1,0
BRDA:367,23,0,0
BRDA:367,23,1,0
BRDA:367,23,2,0
BRDA:386,24,0,0
BRDA:386,24,1,0
BRDA:396,25,0,0
BRDA:396,25,1,0
BRDA:400,26,0,0
BRDA:400,26,1,0
BRF:58
BRH:0
end_of_record
TN:
SF:/Users/veith/Projects/veith/furoBaseComponents/node_modules/@furo/data/collection-object.js
FN:14,(anonymous_0)
FN:20,(anonymous_1)
FN:25,(anonymous_2)
FN:29,(anonymous_3)
FN:36,(anonymous_4)
FN:46,(anonymous_5)
FN:54,(anonymous_6)
FN:71,(anonymous_7)
FN:76,(anonymous_8)
FN:89,(anonymous_9)
FNF:10
FNH:1
FNDA:0,(anonymous_0)
FNDA:0,(anonymous_1)
FNDA:0,(anonymous_2)
FNDA:0,(anonymous_3)
FNDA:0,(anonymous_4)
FNDA:0,(anonymous_5)
FNDA:0,(anonymous_6)
FNDA:0,(anonymous_7)
FNDA:3,(anonymous_8)
FNDA:0,(anonymous_9)
DA:15,0
DA:16,0
DA:21,0
DA:26,0
DA:30,0
DA:31,0
DA:33,0
DA:38,0
DA:44,0
DA:45,0
DA:46,0
DA:48,0
DA:50,0
DA:53,0
DA:54,0
DA:60,0
DA:61,0
DA:62,0
DA:69,0
DA:70,0
DA:71,0
DA:72,0
DA:77,3
DA:90,0
DA:93,0
DA:94,0
DA:102,3
LF:27
LH:2
BRDA:30,0,0,0
BRDA:30,0,1,0
BRDA:38,1,0,0
BRDA:38,1,1,0
BRDA:93,2,0,0
BRDA:93,2,1,0
BRF:6
BRH:0
end_of_record
TN:
SF:/Users/veith/Projects/veith/furoBaseComponents/node_modules/@furo/data/custom-method.js
FN:16,(anonymous_0)
FN:23,(anonymous_1)
FN:40,(anonymous_2)
FN:52,(anonymous_3)
FN:56,(anonymous_4)
FN:62,(anonymous_5)
FN:79,(anonymous_6)
FN:81,(anonymous_7)
FN:102,(anonymous_8)
FN:111,(anonymous_9)
FN:120,(anonymous_10)
FN:130,(anonymous_11)
FN:133,(anonymous_12)
FN:148,(anonymous_13)
FNF:14
FNH:1
FNDA:0,(anonymous_0)
FNDA:3,(anonymous_1)
FNDA:0,(anonymous_2)
FNDA:0,(anonymous_3)
FNDA:0,(anonymous_4)
FNDA:0,(anonymous_5)
FNDA:0,(anonymous_6)
FNDA:0,(anonymous_7)
FNDA:0,(anonymous_8)
FNDA:0,(anonymous_9)
FNDA:0,(anonymous_10)
FNDA:0,(anonymous_11)
FNDA:0,(anonymous_12)
FNDA:0,(anonymous_13)
DA:17,0
DA:18,0
DA:19,0
DA:24,3
DA:41,0
DA:42,0
DA:43,0
DA:45,0
DA:47,0
DA:48,0
DA:53,0
DA:57,0
DA:64,0
DA:65,0
DA:68,0
DA:69,0
DA:70,0
DA:72,0
DA:81,0
DA:82,0
DA:85,0
DA:87,0
DA:88,0
DA:92,0
DA:93,0
DA:94,0
DA:96,0
DA:104,0
DA:105,0
DA:107,0
DA:112,0
DA:113,0
DA:115,0
DA:122,0
DA:123,0
DA:126,0
DA:131,0
DA:132,0
DA:133,0
DA:134,0
DA:142,0
DA:143,0
DA:144,0
DA:150,0
DA:167,3
LF:45
LH:2
BRDA:41,0,0,0
BRDA:41,0,1,0
BRDA:47,1,0,0
BRDA:47,1,1,0
BRDA:64,2,0,0
BRDA:64,2,1,0
BRDA:85,3,0,0
BRDA:85,3,1,0
BRDA:92,4,0,0
BRDA:92,4,1,0
BRDA:104,5,0,0
BRDA:104,5,1,0
BRDA:112,6,0,0
BRDA:112,6,1,0
BRDA:122,7,0,0
BRDA:122,7,1,0
BRDA:131,8,0,0
BRDA:131,8,1,0
BRDA:131,9,0,0
BRDA:131,9,1,0
BRDA:131,9,2,0
BRF:21
BRH:0
end_of_record
TN:
SF:/Users/veith/Projects/veith/furoBaseComponents/node_modules/@furo/data/deep-link.js
FN:14,(anonymous_0)
FN:19,(anonymous_1)
FN:36,(anonymous_2)
FN:42,(anonymous_3)
FN:82,(anonymous_4)
FN:91,(anonymous_5)
FN:101,(anonymous_6)
FN:121,(anonymous_7)
FN:129,(anonymous_8)
FNF:9
FNH:7
FNDA:5,(anonymous_0)
FNDA:3,(anonymous_1)
FNDA:1,(anonymous_2)
FNDA:1,(anonymous_3)
FNDA:1,(anonymous_4)
FNDA:0,(anonymous_5)
FNDA:0,(anonymous_6)
FNDA:2,(anonymous_7)
FNDA:4,(anonymous_8)
DA:15,5
DA:16,5
DA:20,3
DA:37,1
DA:38,1
DA:43,1
DA:46,1
DA:47,5
DA:54,5
DA:56,5
DA:57,10
DA:60,5
DA:62,5
DA:65,1
DA:71,1
DA:72,1
DA:73,1
DA:83,1
DA:84,1
DA:93,0
DA:94,0
DA:103,0
DA:104,0
DA:122,2
DA:130,4
DA:131,1
DA:132,0
DA:134,3
DA:136,3
DA:137,0
DA:144,3
LF:31
LH:25
BRDA:37,0,0,1
BRDA:37,0,1,0
BRDA:37,1,0,1
BRDA:37,1,1,1
BRDA:60,2,0,5
BRDA:60,2,1,0
BRDA:65,3,0,1
BRDA:65,3,1,0
BRDA:130,4,0,1
BRDA:130,4,1,3
BRDA:136,5,0,0
BRDA:136,5,1,3
BRF:12
BRH:8
end_of_record
TN:
SF:/Users/veith/Projects/veith/furoBaseComponents/node_modules/@furo/data/default-value.js
FN:19,(anonymous_0)
FN:36,(anonymous_1)
FN:40,(anonymous_2)
FNF:3
FNH:1
FNDA:3,(anonymous_0)
FNDA:0,(anonymous_1)
FNDA:0,(anonymous_2)
DA:20,3
DA:37,0
DA:41,0
DA:42,0
DA:44,0
DA:49,3
LF:6
LH:2
BRDA:41,0,0,0
BRDA:41,0,1,0
BRF:2
BRH:0
end_of_record
TN:
SF:/Users/veith/Projects/veith/furoBaseComponents/node_modules/@furo/data/entity-agent.js
FN:16,(anonymous_0)
FN:23,(anonymous_1)
FN:40,(anonymous_2)
FN:53,(anonymous_3)
FN:65,(anonymous_4)
FN:70,(anonymous_5)
FN:87,(anonymous_6)
FN:123,(anonymous_7)
FN:148,(anonymous_8)
FN:171,(anonymous_9)
FN:201,(anonymous_10)
FN:215,(anonymous_11)
FN:216,(anonymous_12)
FN:229,(anonymous_13)
FN:247,(anonymous_14)
FN:250,(anonymous_15)
FN:266,(anonymous_16)
FN:292,(anonymous_17)
FN:305,(anonymous_18)
FNF:19
FNH:2
FNDA:0,(anonymous_0)
FNDA:0,(anonymous_1)
FNDA:3,(anonymous_2)
FNDA:0,(anonymous_3)
FNDA:0,(anonymous_4)
FNDA:0,(anonymous_5)
FNDA:0,(anonymous_6)
FNDA:0,(anonymous_7)
FNDA:0,(anonymous_8)
FNDA:0,(anonymous_9)
FNDA:0,(anonymous_10)
FNDA:0,(anonymous_11)
FNDA:0,(anonymous_12)
FNDA:0,(anonymous_13)
FNDA:0,(anonymous_14)
FNDA:0,(anonymous_15)
FNDA:0,(anonymous_16)
FNDA:3,(anonymous_17)
FNDA:0,(anonymous_18)
DA:17,0
DA:18,0
DA:19,0
DA:23,0
DA:24,0
DA:30,0
DA:31,0
DA:32,0
DA:36,0
DA:41,3
DA:54,0
DA:55,0
DA:56,0
DA:58,0
DA:60,0
DA:61,0
DA:66,0
DA:72,0
DA:73,0
DA:76,0
DA:77,0
DA:78,0
DA:80,0
DA:89,0
DA:90,0
DA:91,0
DA:95,0
DA:96,0
DA:97,0
DA:101,0
DA:102,0
DA:103,0
DA:105,0
DA:124,0
DA:125,0
DA:127,0
DA:128,0
DA:149,0
DA:150,0
DA:152,0
DA:153,0
DA:174,0
DA:175,0
DA:176,0
DA:178,0
DA:179,0
DA:181,0
DA:183,0
DA:202,0
DA:203,0
DA:205,0
DA:206,0
DA:216,0
DA:218,0
DA:219,0
DA:220,0
DA:221,0
DA:224,0
DA:225,0
DA:229,0
DA:231,0
DA:232,0
DA:233,0
DA:234,0
DA:237,0
DA:238,0
DA:244,0
DA:245,0
DA:248,0
DA:249,0
DA:250,0
DA:251,0
DA:258,0
DA:259,0
DA:260,0
DA:261,0
DA:263,0
DA:267,0
DA:273,0
DA:274,0
DA:275,0
DA:278,0
DA:279,0
DA:280,0
DA:294,3
DA:307,0
DA:320,3
LF:87
LH:3
BRDA:24,0,0,0
BRDA:24,0,1,0
BRDA:54,1,0,0
BRDA:54,1,1,0
BRDA:60,2,0,0
BRDA:60,2,1,0
BRDA:72,3,0,0
BRDA:72,3,1,0
BRDA:89,4,0,0
BRDA:89,4,1,0
BRDA:95,5,0,0
BRDA:95,5,1,0
BRDA:101,6,0,0
BRDA:101,6,1,0
BRDA:124,7,0,0
BRDA:124,7,1,0
BRDA:149,8,0,0
BRDA:149,8,1,0
BRDA:174,9,0,0
BRDA:174,9,1,0
BRDA:178,10,0,0
BRDA:178,10,1,0
BRDA:202,11,0,0
BRDA:202,11,1,0
BRDA:248,12,0,0
BRDA:248,12,1,0
BRDA:248,13,0,0
BRDA:248,13,1,0
BRDA:248,13,2,0
BRDA:267,14,0,0
BRDA:267,14,1,0
BRDA:278,15,0,0
BRDA:278,15,1,0
BRF:33
BRH:0
end_of_record
TN:
SF:/Users/veith/Projects/veith/furoBaseComponents/node_modules/@furo/data/entity-field.js
FN:17,(anonymous_0)
FN:22,(anonymous_1)
FN:26,(anonymous_2)
FN:31,(anonymous_3)
FN:35,(anonymous_4)
FN:45,(anonymous_5)
FNF:6
FNH:0
FNDA:0,(anonymous_0)
FNDA:0,(anonymous_1)
FNDA:0,(anonymous_2)
FNDA:0,(anonymous_3)
FNDA:0,(anonymous_4)
FNDA:0,(anonymous_5)
DA:18,0
DA:23,0
DA:27,0
DA:28,0
DA:32,0
DA:36,0
DA:37,0
DA:38,0
DA:39,0
DA:42,0
DA:45,0
DA:54,0
DA:55,0
DA:56,0
DA:66,3
LF:15
LH:1
BRDA:36,0,0,0
BRDA:36,0,1,0
BRF:2
BRH:0
end_of_record
TN:
SF:/Users/veith/Projects/veith/furoBaseComponents/node_modules/@furo/data/entity-object.js
FN:15,(anonymous_0)
FN:21,(anonymous_1)
FN:30,(anonymous_2)
FN:33,(anonymous_3)
FN:39,(anonymous_4)
FN:46,(anonymous_5)
FN:66,(anonymous_6)
FN:71,(anonymous_7)
FN:83,(anonymous_8)
FN:100,(anonymous_9)
FN:104,(anonymous_10)
FN:109,(anonymous_11)
FNF:12
FNH:1
FNDA:0,(anonymous_0)
FNDA:3,(anonymous_1)
FNDA:0,(anonymous_2)
FNDA:0,(anonymous_3)
FNDA:0,(anonymous_4)
FNDA:0,(anonymous_5)
FNDA:0,(anonymous_6)
FNDA:0,(anonymous_7)
FNDA:0,(anonymous_8)
FNDA:0,(anonymous_9)
FNDA:0,(anonymous_10)
FNDA:0,(anonymous_11)
DA:16,0
DA:17,0
DA:22,3
DA:32,0
DA:33,0
DA:35,0
DA:40,0
DA:41,0
DA:43,0
DA:48,0
DA:49,0
DA:50,0
DA:57,0
DA:64,0
DA:65,0
DA:66,0
DA:67,0
DA:71,0
DA:77,0
DA:78,0
DA:79,0
DA:83,0
DA:89,0
DA:90,0
DA:92,0
DA:101,0
DA:102,0
DA:103,0
DA:104,0
DA:105,0
DA:110,0
DA:113,0
DA:114,0
DA:118,0
DA:125,3
LF:35
LH:2
BRDA:32,0,0,0
BRDA:32,0,1,0
BRDA:40,1,0,0
BRDA:40,1,1,0
BRDA:48,2,0,0
BRDA:48,2,1,0
BRDA:113,3,0,0
BRDA:113,3,1,0
BRF:8
BRH:0
end_of_record
TN:
SF:/Users/veith/Projects/veith/furoBaseComponents/node_modules/@furo/data/entity-validator.js
FN:13,(anonymous_0)
FN:19,(anonymous_1)
FN:21,(anonymous_2)
FN:31,(anonymous_3)
FN:41,(anonymous_4)
FN:51,(anonymous_5)
FN:58,(anonymous_6)
FN:72,(anonymous_7)
FN:75,(anonymous_8)
FNF:9
FNH:0
FNDA:0,(anonymous_0)
FNDA:0,(anonymous_1)
FNDA:0,(anonymous_2)
FNDA:0,(anonymous_3)
FNDA:0,(anonymous_4)
FNDA:0,(anonymous_5)
FNDA:0,(anonymous_6)
FNDA:0,(anonymous_7)
FNDA:0,(anonymous_8)
DA:14,0
DA:15,0
DA:16,0
DA:20,0
DA:22,0
DA:23,0
DA:24,0
DA:25,0
DA:27,0
DA:29,0
DA:32,0
DA:33,0
DA:34,0
DA:35,0
DA:37,0
DA:39,0
DA:42,0
DA:43,0
DA:44,0
DA:46,0
DA:50,0
DA:52,0
DA:53,0
DA:54,0
DA:56,0
DA:59,0
DA:60,0
DA:61,0
DA:62,0
DA:64,0
DA:66,0
DA:73,0
DA:75,0
DA:77,0
DA:78,0
DA:81,0
DA:83,0
DA:84,0
DA:85,0
DA:87,0
DA:88,0
DA:90,0
DA:93,0
DA:94,0
DA:103,0
DA:104,0
DA:120,3
LF:47
LH:1
BRDA:23,0,0,0
BRDA:23,0,1,0
BRDA:24,1,0,0
BRDA:24,1,1,0
BRDA:33,2,0,0
BRDA:33,2,1,0
BRDA:34,3,0,0
BRDA:34,3,1,0
BRDA:43,4,0,0
BRDA:43,4,1,0
BRDA:53,5,0,0
BRDA:53,5,1,0
BRDA:60,6,0,0
BRDA:60,6,1,0
BRDA:61,7,0,0
BRDA:61,7,1,0
BRDA:81,8,0,0
BRDA:81,8,1,0
BRDA:81,9,0,0
BRDA:81,9,1,0
BRDA:84,10,0,0
BRDA:84,10,1,0
BRDA:87,11,0,0
BRDA:87,11,1,0
BRDA:93,12,0,0
BRDA:93,12,1,0
BRF:26
BRH:0
end_of_record
TN:
SF:/Users/veith/Projects/veith/furoBaseComponents/node_modules/@furo/data/furo-filter-container.js
FN:17,(anonymous_0)
FN:25,(anonymous_1)
FN:32,(anonymous_2)
FN:42,(anonymous_3)
FN:68,(anonymous_4)
FN:95,(anonymous_5)
FN:119,(anonymous_6)
FNF:7
FNH:0
FNDA:0,(anonymous_0)
FNDA:0,(anonymous_1)
FNDA:0,(anonymous_2)
FNDA:0,(anonymous_3)
FNDA:0,(anonymous_4)
FNDA:0,(anonymous_5)
FNDA:0,(anonymous_6)
DA:18,0
DA:19,0
DA:20,0
DA:23,0
DA:24,0
DA:25,0
DA:27,0
DA:32,0
DA:35,0
DA:36,0
DA:38,0
DA:40,0
DA:42,0
DA:48,0
DA:49,0
DA:50,0
DA:51,0
DA:60,0
DA:61,0
DA:69,0
DA:70,0
DA:71,0
DA:73,0
DA:74,0
DA:75,0
DA:76,0
DA:77,0
DA:79,0
DA:80,0
DA:83,0
DA:85,0
DA:87,0
DA:88,0
DA:96,0
DA:97,0
DA:99,0
DA:100,0
DA:101,0
DA:103,0
DA:106,0
DA:107,0
DA:108,0
DA:110,0
DA:112,0
DA:113,0
DA:121,0
DA:122,0
DA:124,0
DA:126,0
DA:128,0
DA:129,0
DA:137,3
LF:52
LH:1
BRDA:24,0,0,0
BRDA:24,0,1,0
BRDA:38,1,0,0
BRDA:38,1,1,0
BRDA:73,2,0,0
BRDA:73,2,1,0
BRDA:74,3,0,0
BRDA:74,3,1,0
BRDA:76,4,0,0
BRDA:76,4,1,0
BRDA:83,5,0,0
BRDA:83,5,1,0
BRDA:87,6,0,0
BRDA:87,6,1,0
BRDA:99,7,0,0
BRDA:99,7,1,0
BRDA:100,8,0,0
BRDA:100,8,1,0
BRDA:108,9,0,0
BRDA:108,9,1,0
BRDA:112,10,0,0
BRDA:112,10,1,0
BRDA:124,11,0,0
BRDA:124,11,1,0
BRDA:128,12,0,0
BRDA:128,12,1,0
BRF:26
BRH:0
end_of_record
TN:
SF:/Users/veith/Projects/veith/furoBaseComponents/node_modules/@furo/data/furo-filter-field.js
FN:15,(anonymous_0)
FN:23,(anonymous_1)
FN:33,(anonymous_2)
FN:39,(anonymous_3)
FN:44,(anonymous_4)
FN:50,(anonymous_5)
FN:68,(anonymous_6)
FNF:7
FNH:2
FNDA:0,(anonymous_0)
FNDA:3,(anonymous_1)
FNDA:0,(anonymous_2)
FNDA:0,(anonymous_3)
FNDA:0,(anonymous_4)
FNDA:0,(anonymous_5)
FNDA:3,(anonymous_6)
DA:16,0
DA:24,3
DA:34,0
DA:35,0
DA:40,0
DA:41,0
DA:45,0
DA:47,0
DA:51,0
DA:57,0
DA:58,0
DA:59,0
DA:70,3
DA:80,3
LF:14
LH:3
BRDA:51,0,0,0
BRDA:51,0,1,0
BRDA:51,1,0,0
BRDA:51,1,1,0
BRDA:51,1,2,0
BRF:5
BRH:0
end_of_record
TN:
SF:/Users/veith/Projects/veith/furoBaseComponents/node_modules/@furo/data/map-struct-item.js
FN:12,(anonymous_0)
FN:32,(anonymous_1)
FN:37,(anonymous_2)
FNF:3
FNH:1
FNDA:3,(anonymous_0)
FNDA:0,(anonymous_1)
FNDA:0,(anonymous_2)
DA:13,3
DA:33,0
DA:38,0
DA:39,0
DA:44,3
LF:5
LH:2
BRDA:38,0,0,0
BRDA:38,0,1,0
BRDA:38,1,0,0
BRDA:38,1,1,0
BRDA:38,1,2,0
BRDA:38,1,3,0
BRF:6
BRH:0
end_of_record
TN:
SF:/Users/veith/Projects/veith/furoBaseComponents/node_modules/@furo/data/map-struct.js
FN:22,(anonymous_0)
FN:26,(anonymous_1)
FN:70,(anonymous_2)
FN:77,(anonymous_3)
FN:86,(anonymous_4)
FN:90,(anonymous_5)
FN:96,(anonymous_6)
FN:97,(anonymous_7)
FN:108,(anonymous_8)
FN:120,(anonymous_9)
FN:128,(anonymous_10)
FN:152,(anonymous_11)
FN:171,(anonymous_12)
FN:177,(anonymous_13)
FNF:14
FNH:2
FNDA:3,(anonymous_0)
FNDA:3,(anonymous_1)
FNDA:0,(anonymous_2)
FNDA:0,(anonymous_3)
FNDA:0,(anonymous_4)
FNDA:0,(anonymous_5)
FNDA:0,(anonymous_6)
FNDA:0,(anonymous_7)
FNDA:0,(anonymous_8)
FNDA:0,(anonymous_9)
FNDA:0,(anonymous_10)
FNDA:0,(anonymous_11)
FNDA:0,(anonymous_12)
FNDA:0,(anonymous_13)
DA:23,3
DA:27,3
DA:71,0
DA:78,0
DA:87,0
DA:91,0
DA:93,0
DA:97,0
DA:98,0
DA:99,0
DA:109,0
DA:111,0
DA:122,0
DA:123,0
DA:126,0
DA:127,0
DA:128,0
DA:129,0
DA:132,0
DA:135,0
DA:141,0
DA:154,0
DA:156,0
DA:157,0
DA:160,0
DA:161,0
DA:172,0
DA:173,0
DA:174,0
DA:177,0
DA:179,0
DA:180,0
DA:181,0
DA:182,0
DA:185,0
DA:187,0
DA:188,0
DA:194,0
DA:199,3
LF:39
LH:3
BRDA:98,0,0,0
BRDA:98,0,1,0
BRDA:98,1,0,0
BRDA:98,1,1,0
BRDA:122,2,0,0
BRDA:122,2,1,0
BRDA:122,3,0,0
BRDA:122,3,1,0
BRDA:126,4,0,0
BRDA:126,4,1,0
BRDA:156,5,0,0
BRDA:156,5,1,0
BRDA:160,6,0,0
BRDA:160,6,1,0
BRDA:173,7,0,0
BRDA:173,7,1,0
BRDA:179,8,0,0
BRDA:179,8,1,0
BRDA:181,9,0,0
BRDA:181,9,1,0
BRF:20
BRH:0
end_of_record
TN:
SF:/Users/veith/Projects/veith/furoBaseComponents/node_modules/@furo/data/object-appender.js
FN:23,(anonymous_0)
FN:59,(anonymous_1)
FN:63,(anonymous_2)
FN:67,(anonymous_3)
FNF:4
FNH:1
FNDA:3,(anonymous_0)
FNDA:0,(anonymous_1)
FNDA:0,(anonymous_2)
FNDA:0,(anonymous_3)
DA:24,3
DA:60,0
DA:64,0
DA:69,0
DA:71,0
DA:73,0
DA:74,0
DA:76,0
DA:77,0
DA:78,0
DA:80,0
DA:87,3
LF:12
LH:2
BRDA:69,0,0,0
BRDA:69,0,1,0
BRDA:69,1,0,0
BRDA:69,1,1,0
BRDA:69,1,2,0
BRDA:77,2,0,0
BRDA:77,2,1,0
BRF:7
BRH:0
end_of_record
TN:
SF:/Users/veith/Projects/veith/furoBaseComponents/node_modules/@furo/data/rel-exists.js
FN:13,(anonymous_0)
FN:25,(anonymous_1)
FN:26,(anonymous_2)
FN:62,(anonymous_3)
FN:75,(anonymous_4)
FNF:5
FNH:5
FNDA:8,(anonymous_0)
FNDA:5,(anonymous_1)
FNDA:10,(anonymous_2)
FNDA:3,(anonymous_3)
FNDA:12,(anonymous_4)
DA:14,8
DA:26,5
DA:28,10
DA:30,4
DA:32,6
DA:35,5
DA:41,3
DA:42,3
DA:43,3
DA:44,3
DA:52,2
DA:53,2
DA:55,2
DA:63,3
DA:76,12
DA:78,10
DA:79,10
DA:82,2
DA:83,2
DA:89,3
LF:20
LH:20
BRDA:28,0,0,4
BRDA:28,0,1,6
BRDA:30,1,0,4
BRDA:30,1,1,2
BRDA:35,2,0,3
BRDA:35,2,1,2
BRDA:76,3,0,10
BRDA:76,3,1,2
BRF:8
BRH:8
end_of_record
TN:
SF:/Users/veith/Projects/veith/furoBaseComponents/node_modules/@furo/data/remember-default.js
FN:14,(anonymous_0)
FN:28,(anonymous_1)
FN:49,(anonymous_2)
FN:67,(anonymous_3)
FNF:4
FNH:1
FNDA:0,(anonymous_0)
FNDA:3,(anonymous_1)
FNDA:0,(anonymous_2)
FNDA:0,(anonymous_3)
DA:16,0
DA:29,3
DA:50,0
DA:51,0
DA:52,0
DA:55,0
DA:56,0
DA:57,0
DA:58,0
DA:72,3
LF:10
LH:2
BRDA:50,0,0,0
BRDA:50,0,1,0
BRDA:51,1,0,0
BRDA:51,1,1,0
BRDA:55,2,0,0
BRDA:55,2,1,0
BRF:6
BRH:0
end_of_record
TN:
SF:/Users/veith/Projects/veith/furoBaseComponents/node_modules/@furo/data/reverse-deep-link.js
FN:21,(anonymous_0)
FN:33,(anonymous_1)
FN:62,(anonymous_2)
FN:70,(anonymous_3)
FN:91,(anonymous_4)
FN:118,(anonymous_5)
FN:126,(anonymous_6)
FNF:7
FNH:7
FNDA:6,(anonymous_0)
FNDA:5,(anonymous_1)
FNDA:4,(anonymous_2)
FNDA:2,(anonymous_3)
FNDA:4,(anonymous_4)
FNDA:8,(anonymous_5)
FNDA:3,(anonymous_6)
DA:22,6
DA:23,6
DA:24,6
DA:34,5
DA:37,5
DA:38,1
DA:39,1
DA:41,4
DA:43,4
DA:47,4
DA:49,2
DA:52,1
DA:53,1
DA:57,1
DA:58,0
DA:62,2
DA:63,4
DA:69,4
DA:70,1
DA:71,2
DA:75,4
DA:76,4
DA:84,4
DA:85,4
DA:86,4
DA:87,4
DA:92,4
DA:99,4
DA:100,1
DA:102,4
DA:103,4
DA:104,4
DA:106,4
DA:109,4
DA:110,8
DA:111,8
DA:114,4
DA:115,4
DA:116,4
DA:117,4
DA:118,4
DA:119,8
DA:123,4
DA:127,3
DA:146,3
LF:45
LH:44
BRDA:37,0,0,1
BRDA:37,0,1,4
BRDA:47,1,0,2
BRDA:47,1,1,2
BRDA:49,2,0,1
BRDA:49,2,1,1
BRDA:49,3,0,2
BRDA:49,3,1,2
BRDA:52,4,0,1
BRDA:52,4,1,0
BRDA:57,5,0,0
BRDA:57,5,1,1
BRDA:69,6,0,1
BRDA:69,6,1,3
BRDA:75,7,0,4
BRDA:75,7,1,0
BRDA:99,8,0,1
BRDA:99,8,1,3
BRDA:117,9,0,4
BRDA:117,9,1,0
BRF:20
BRH:16
end_of_record
TN:
SF:/Users/veith/Projects/veith/furoBaseComponents/node_modules/@furo/data/server-status.js
FN:15,(anonymous_0)
FN:28,(anonymous_1)
FN:45,(anonymous_2)
FNF:3
FNH:1
FNDA:0,(anonymous_0)
FNDA:0,(anonymous_1)
FNDA:3,(anonymous_2)
DA:17,0
DA:29,0
DA:30,0
DA:32,0
DA:38,0
DA:39,0
DA:40,0
DA:46,3
DA:63,3
LF:9
LH:2
BRDA:32,0,0,0
BRDA:32,0,1,0
BRF:2
BRH:0
end_of_record
TN:
SF:/Users/veith/Projects/veith/furoBaseComponents/node_modules/@furo/fbp/empty-fbp-node.js
FNF:0
FNH:0
DA:8,7
LF:1
LH:1
BRF:0
BRH:0
end_of_record
TN:
SF:/Users/veith/Projects/veith/furoBaseComponents/node_modules/@furo/fbp/fbp.js
FN:1,(anonymous_0)
FN:6,(anonymous_1)
FN:15,(anonymous_2)
FN:21,(anonymous_3)
FN:32,(anonymous_4)
FN:35,(anonymous_5)
FN:84,(anonymous_6)
FN:108,(anonymous_7)
FN:111,(anonymous_8)
FN:140,(anonymous_9)
FN:142,(anonymous_10)
FN:166,(anonymous_11)
FN:167,(anonymous_12)
FN:177,(anonymous_13)
FN:225,(anonymous_14)
FN:245,(anonymous_15)
FN:269,(anonymous_16)
FN:311,registerEvent
FN:324,(anonymous_18)
FN:329,(anonymous_19)
FN:362,(anonymous_20)
FN:385,(anonymous_21)
FN:408,(anonymous_22)
FN:431,(anonymous_23)
FN:466,(anonymous_24)
FN:469,(anonymous_25)
FN:473,(anonymous_26)
FN:483,(anonymous_27)
FN:489,(anonymous_28)
FN:503,(anonymous_29)
FN:527,(anonymous_30)
FN:569,(anonymous_31)
FNF:32
FNH:31
FNDA:47,(anonymous_0)
FNDA:56,(anonymous_1)
FNDA:0,(anonymous_2)
FNDA:12,(anonymous_3)
FNDA:37,(anonymous_4)
FNDA:48,(anonymous_5)
FNDA:6,(anonymous_6)
FNDA:1,(anonymous_7)
FNDA:2,(anonymous_8)
FNDA:1,(anonymous_9)
FNDA:2,(anonymous_10)
FNDA:81,(anonymous_11)
FNDA:12,(anonymous_12)
FNDA:33,(anonymous_13)
FNDA:24,(anonymous_14)
FNDA:57,(anonymous_15)
FNDA:131,(anonymous_16)
FNDA:131,registerEvent
FNDA:1,(anonymous_18)
FNDA:31,(anonymous_19)
FNDA:2,(anonymous_20)
FNDA:2,(anonymous_21)
FNDA:2,(anonymous_22)
FNDA:4,(anonymous_23)
FNDA:33,(anonymous_24)
FNDA:1,(anonymous_25)
FNDA:81,(anonymous_26)
FNDA:35,(anonymous_27)
FNDA:1,(anonymous_28)
FNDA:23,(anonymous_29)
FNDA:4,(anonymous_30)
FNDA:27,(anonymous_31)
DA:1,12
DA:5,47
DA:7,56
DA:8,56
DA:9,56
DA:10,56
DA:16,0
DA:17,0
DA:22,12
DA:23,12
DA:33,37
DA:34,36
DA:35,32
DA:37,48
DA:38,8
DA:40,40
DA:43,16
DA:44,1
DA:46,15
DA:47,15
DA:48,3
DA:50,15
DA:53,16
DA:54,16
DA:55,16
DA:57,24
DA:58,12
DA:59,12
DA:60,9
DA:62,12
DA:64,12
DA:72,1
DA:85,6
DA:86,6
DA:87,4
DA:88,3
DA:89,3
DA:91,1
DA:92,1
DA:96,2
DA:97,2
DA:109,1
DA:110,1
DA:111,1
DA:112,2
DA:113,2
DA:115,2
DA:116,2
DA:117,2
DA:119,2
DA:120,2
DA:121,2
DA:123,2
DA:124,2
DA:125,2
DA:126,2
DA:141,1
DA:142,1
DA:143,2
DA:144,0
DA:146,2
DA:147,2
DA:148,2
DA:149,2
DA:151,2
DA:152,2
DA:153,2
DA:156,2
DA:157,2
DA:158,2
DA:160,2
DA:167,81
DA:168,12
DA:178,33
DA:179,33
DA:181,33
DA:182,33
DA:183,33
DA:184,86
DA:187,86
DA:188,0
DA:189,0
DA:191,0
DA:194,0
DA:195,0
DA:196,0
DA:197,0
DA:199,0
DA:203,0
DA:204,0
DA:205,0
DA:206,0
DA:209,0
DA:212,0
DA:213,0
DA:217,86
DA:220,206
DA:221,24
DA:222,0
DA:225,24
DA:226,24
DA:228,24
DA:229,24
DA:231,24
DA:237,24
DA:241,182
DA:245,57
DA:246,57
DA:248,57
DA:249,40
DA:251,57
DA:258,57
DA:263,125
DA:264,49
DA:268,49
DA:269,49
DA:270,131
DA:272,131
DA:273,131
DA:274,12
DA:275,12
DA:278,119
DA:279,12
DA:280,12
DA:281,107
DA:282,24
DA:283,24
DA:284,24
DA:285,12
DA:286,12
DA:289,83
DA:290,6
DA:291,6
DA:293,77
DA:294,77
DA:297,131
DA:299,49
DA:314,131
DA:315,131
DA:317,131
DA:318,435
DA:322,131
DA:325,1
DA:326,1
DA:336,31
DA:337,31
DA:338,31
DA:342,12
DA:343,11
DA:345,4
DA:348,7
DA:352,1
DA:354,12
DA:357,31
DA:363,2
DA:364,1
DA:365,1
DA:366,1
DA:368,1
DA:369,0
DA:370,0
DA:372,0
DA:375,1
DA:377,1
DA:379,1
DA:380,1
DA:381,1
DA:386,2
DA:387,1
DA:388,1
DA:389,1
DA:391,1
DA:392,0
DA:393,0
DA:395,0
DA:398,1
DA:400,1
DA:402,1
DA:403,1
DA:404,1
DA:410,2
DA:411,1
DA:412,1
DA:413,1
DA:415,1
DA:416,0
DA:417,0
DA:419,0
DA:422,1
DA:424,1
DA:426,1
DA:427,1
DA:428,1
DA:433,4
DA:440,131
DA:441,131
DA:449,33
DA:450,33
DA:452,33
DA:453,33
DA:454,1
DA:455,1
DA:467,33
DA:470,1
DA:476,81
DA:477,81
DA:478,81
DA:480,81
DA:484,35
DA:485,14
DA:489,35
DA:490,1
DA:504,23
DA:505,23
DA:507,23
DA:508,44
DA:509,5
DA:511,39
DA:512,39
DA:515,18
DA:528,4
DA:530,4
DA:531,4
DA:533,4
DA:535,3
DA:536,3
DA:537,3
DA:538,3
DA:539,3
DA:543,0
DA:548,1
DA:550,1
DA:570,27
DA:621,12
LF:234
LH:205
BRDA:33,0,0,36
BRDA:33,0,1,1
BRDA:34,1,0,32
BRDA:34,1,1,4
BRDA:37,2,0,8
BRDA:37,2,1,40
BRDA:40,3,0,16
BRDA:40,3,1,24
BRDA:43,4,0,1
BRDA:43,4,1,15
BRDA:43,5,0,16
BRDA:43,5,1,1
BRDA:47,6,0,3
BRDA:47,6,1,12
BRDA:57,7,0,12
BRDA:57,7,1,12
BRDA:59,8,0,9
BRDA:59,8,1,3
BRDA:85,9,0,6
BRDA:85,9,1,2
BRDA:86,10,0,4
BRDA:86,10,1,2
BRDA:87,11,0,3
BRDA:87,11,1,1
BRDA:143,12,0,0
BRDA:143,12,1,2
BRDA:187,13,0,0
BRDA:187,13,1,86
BRDA:188,14,0,0
BRDA:188,14,1,0
BRDA:205,15,0,0
BRDA:205,15,1,0
BRDA:220,16,0,24
BRDA:220,16,1,182
BRDA:220,17,0,206
BRDA:220,17,1,182
BRDA:221,18,0,0
BRDA:221,18,1,24
BRDA:228,19,0,24
BRDA:228,19,1,0
BRDA:241,20,0,57
BRDA:241,20,1,125
BRDA:248,21,0,40
BRDA:248,21,1,17
BRDA:263,22,0,49
BRDA:263,22,1,76
BRDA:273,23,0,12
BRDA:273,23,1,119
BRDA:278,24,0,12
BRDA:278,24,1,107
BRDA:281,25,0,24
BRDA:281,25,1,83
BRDA:284,26,0,12
BRDA:284,26,1,12
BRDA:289,27,0,6
BRDA:289,27,1,77
BRDA:338,28,0,12
BRDA:338,28,1,19
BRDA:338,29,0,31
BRDA:338,29,1,31
BRDA:342,30,0,11
BRDA:342,30,1,1
BRDA:343,31,0,4
BRDA:343,31,1,7
BRDA:363,32,0,1
BRDA:363,32,1,1
BRDA:363,33,0,2
BRDA:363,33,1,2
BRDA:368,34,0,0
BRDA:368,34,1,1
BRDA:369,35,0,0
BRDA:369,35,1,0
BRDA:386,36,0,1
BRDA:386,36,1,1
BRDA:386,37,0,2
BRDA:386,37,1,2
BRDA:391,38,0,0
BRDA:391,38,1,1
BRDA:392,39,0,0
BRDA:392,39,1,0
BRDA:410,40,0,1
BRDA:410,40,1,1
BRDA:410,41,0,2
BRDA:410,41,1,2
BRDA:415,42,0,0
BRDA:415,42,1,1
BRDA:416,43,0,0
BRDA:416,43,1,0
BRDA:449,44,0,33
BRDA:449,44,1,0
BRDA:484,45,0,14
BRDA:484,45,1,21
BRDA:508,46,0,5
BRDA:508,46,1,39
BRDA:533,47,0,3
BRDA:533,47,1,1
BRDA:538,48,0,3
BRDA:538,48,1,0
BRF:98
BRH:79
end_of_record
TN:
SF:/Users/veith/Projects/veith/furoBaseComponents/node_modules/@furo/fbp/flow-bind.js
FN:29,(anonymous_0)
FNF:1
FNH:1
FNDA:21,(anonymous_0)
DA:30,21
DA:31,21
DA:32,21
DA:33,21
DA:34,21
DA:35,21
DA:36,21
DA:37,21
DA:38,21
DA:39,21
DA:43,7
LF:11
LH:11
BRF:0
BRH:0
end_of_record
TN:
SF:/Users/veith/Projects/veith/furoBaseComponents/node_modules/@furo/route/furo-app-flow-router.js
FN:19,(anonymous_0)
FN:42,(anonymous_1)
FN:51,(anonymous_2)
FN:55,(anonymous_3)
FN:85,(anonymous_4)
FN:141,(anonymous_5)
FN:145,(anonymous_6)
FNF:7
FNH:7
FNDA:8,(anonymous_0)
FNDA:1,(anonymous_1)
FNDA:1,(anonymous_2)
FNDA:2,(anonymous_3)
FNDA:11,(anonymous_4)
FNDA:8,(anonymous_5)
FNDA:64,(anonymous_6)
DA:20,8
DA:21,8
DA:35,8
DA:44,1
DA:52,1
DA:56,2
DA:87,11
DA:88,11
DA:89,11
DA:90,11
DA:91,11
DA:92,10
DA:93,10
DA:94,10
DA:95,5
DA:98,10
DA:99,3
DA:101,10
DA:102,0
DA:104,10
DA:110,10
DA:111,10
DA:112,10
DA:113,10
DA:121,10
DA:122,10
DA:123,10
DA:124,10
DA:132,1
DA:133,1
DA:134,1
DA:135,1
DA:142,8
DA:143,8
DA:145,8
DA:146,64
DA:152,2
LF:37
LH:36
BRDA:35,0,0,8
BRDA:35,0,1,0
BRDA:89,1,0,11
BRDA:89,1,1,0
BRDA:90,2,0,11
BRDA:90,2,1,8
BRDA:91,3,0,10
BRDA:91,3,1,1
BRDA:98,4,0,3
BRDA:98,4,1,7
BRDA:101,5,0,0
BRDA:101,5,1,10
BRF:12
BRH:9
end_of_record
TN:
SF:/Users/veith/Projects/veith/furoBaseComponents/node_modules/@furo/route/furo-app-flow.js
FN:4,TypeAppFlow
FN:18,(anonymous_1)
FN:23,(anonymous_2)
FN:34,(anonymous_3)
FN:38,(anonymous_4)
FN:42,(anonymous_5)
FN:50,(anonymous_6)
FNF:7
FNH:4
FNDA:16,TypeAppFlow
FNDA:13,(anonymous_1)
FNDA:2,(anonymous_2)
FNDA:0,(anonymous_3)
FNDA:0,(anonymous_4)
FNDA:0,(anonymous_5)
FNDA:16,(anonymous_6)
DA:5,16
DA:6,16
DA:19,13
DA:20,13
DA:24,2
DA:35,0
DA:39,0
DA:43,0
DA:52,16
DA:54,16
DA:55,9
DA:64,16
DA:65,16
DA:66,16
DA:67,16
DA:71,2
LF:16
LH:13
BRF:0
BRH:0
end_of_record
TN:
SF:/Users/veith/Projects/veith/furoBaseComponents/node_modules/@furo/route/furo-location.js
FN:14,(anonymous_0)
FN:56,(anonymous_1)
FN:64,(anonymous_2)
FN:75,(anonymous_3)
FN:84,(anonymous_4)
FN:97,(anonymous_5)
FN:98,(anonymous_6)
FN:139,(anonymous_7)
FN:160,(anonymous_8)
FN:193,(anonymous_9)
FN:243,(anonymous_10)
FN:260,(anonymous_11)
FNF:12
FNH:0
FNDA:0,(anonymous_0)
FNDA:0,(anonymous_1)
FNDA:0,(anonymous_2)
FNDA:0,(anonymous_3)
FNDA:0,(anonymous_4)
FNDA:0,(anonymous_5)
FNDA:0,(anonymous_6)
FNDA:0,(anonymous_7)
FNDA:0,(anonymous_8)
FNDA:0,(anonymous_9)
FNDA:0,(anonymous_10)
FNDA:0,(anonymous_11)
DA:15,0
DA:16,0
DA:17,0
DA:35,0
DA:46,0
DA:49,0
DA:57,0
DA:58,0
DA:59,0
DA:60,0
DA:61,0
DA:64,0
DA:65,0
DA:76,0
DA:77,0
DA:78,0
DA:79,0
DA:86,0
DA:87,0
DA:88,0
DA:90,0
DA:91,0
DA:93,0
DA:98,0
DA:99,0
DA:102,0
DA:103,0
DA:104,0
DA:110,0
DA:111,0
DA:112,0
DA:115,0
DA:117,0
DA:118,0
DA:119,0
DA:129,0
DA:130,0
DA:131,0
DA:134,0
DA:135,0
DA:136,0
DA:137,0
DA:138,0
DA:139,0
DA:140,0
DA:141,0
DA:149,0
DA:150,0
DA:151,0
DA:155,0
DA:156,0
DA:157,0
DA:158,0
DA:159,0
DA:160,0
DA:161,0
DA:162,0
DA:170,0
DA:171,0
DA:173,0
DA:182,0
DA:183,0
DA:184,0
DA:193,0
DA:195,0
DA:198,0
DA:199,0
DA:203,0
DA:204,0
DA:208,0
DA:209,0
DA:210,0
DA:215,0
DA:216,0
DA:219,0
DA:220,0
DA:221,0
DA:223,0
DA:224,0
DA:226,0
DA:229,0
DA:233,0
DA:246,0
DA:247,0
DA:249,0
DA:250,0
DA:252,0
DA:253,0
DA:261,0
DA:262,0
DA:263,0
DA:264,0
DA:268,2
LF:93
LH:1
BRDA:35,0,0,0
BRDA:35,0,1,0
BRDA:46,1,0,0
BRDA:46,1,1,0
BRDA:87,2,0,0
BRDA:87,2,1,0
BRDA:90,3,0,0
BRDA:90,3,1,0
BRDA:102,4,0,0
BRDA:102,4,1,0
BRDA:103,5,0,0
BRDA:103,5,1,0
BRDA:111,6,0,0
BRDA:111,6,1,0
BRDA:135,7,0,0
BRDA:135,7,1,0
BRDA:138,8,0,0
BRDA:138,8,1,0
BRDA:156,9,0,0
BRDA:156,9,1,0
BRDA:159,10,0,0
BRDA:159,10,1,0
BRDA:195,11,0,0
BRDA:195,11,1,0
BRDA:198,12,0,0
BRDA:198,12,1,0
BRDA:203,13,0,0
BRDA:203,13,1,0
BRDA:208,14,0,0
BRDA:208,14,1,0
BRDA:209,15,0,0
BRDA:209,15,1,0
BRDA:215,16,0,0
BRDA:215,16,1,0
BRDA:223,17,0,0
BRDA:223,17,1,0
BRDA:246,18,0,0
BRDA:246,18,1,0
BRDA:249,19,0,0
BRDA:249,19,1,0
BRF:40
BRH:0
end_of_record
TN:
SF:/Users/veith/Projects/veith/furoBaseComponents/node_modules/@furo/route/furo-pages.js
FN:14,(anonymous_0)
FN:32,(anonymous_1)
FN:34,(anonymous_2)
FN:47,(anonymous_3)
FN:56,(anonymous_4)
FN:65,(anonymous_5)
FN:129,(anonymous_6)
FN:142,(anonymous_7)
FNF:8
FNH:1
FNDA:0,(anonymous_0)
FNDA:0,(anonymous_1)
FNDA:0,(anonymous_2)
FNDA:0,(anonymous_3)
FNDA:0,(anonymous_4)
FNDA:0,(anonymous_5)
FNDA:2,(anonymous_6)
FNDA:0,(anonymous_7)
DA:15,0
DA:16,0
DA:18,0
DA:19,0
DA:20,0
DA:21,0
DA:22,0
DA:25,0
DA:26,0
DA:27,0
DA:33,0
DA:34,0
DA:36,0
DA:37,0
DA:48,0
DA:57,0
DA:67,0
DA:69,0
DA:70,0
DA:71,0
DA:73,0
DA:74,0
DA:77,0
DA:79,0
DA:81,0
DA:82,0
DA:84,0
DA:87,0
DA:89,0
DA:90,0
DA:91,0
DA:93,0
DA:94,0
DA:95,0
DA:101,0
DA:102,0
DA:104,0
DA:105,0
DA:110,0
DA:111,0
DA:113,0
DA:114,0
DA:119,0
DA:131,2
DA:144,0
DA:151,2
LF:46
LH:2
BRDA:19,0,0,0
BRDA:19,0,1,0
BRDA:36,1,0,0
BRDA:36,1,1,0
BRDA:67,2,0,0
BRDA:67,2,1,0
BRDA:69,3,0,0
BRDA:69,3,1,0
BRDA:69,4,0,0
BRDA:69,4,1,0
BRDA:70,5,0,0
BRDA:70,5,1,0
BRDA:79,6,0,0
BRDA:79,6,1,0
BRDA:82,7,0,0
BRDA:82,7,1,0
BRDA:87,8,0,0
BRDA:87,8,1,0
BRDA:89,9,0,0
BRDA:89,9,1,0
BRDA:94,10,0,0
BRDA:94,10,1,0
BRDA:101,11,0,0
BRDA:101,11,1,0
BRDA:104,12,0,0
BRDA:104,12,1,0
BRDA:110,13,0,0
BRDA:110,13,1,0
BRDA:113,14,0,0
BRDA:113,14,1,0
BRF:30
BRH:0
end_of_record
