TN:
SF:/Users/veith/Projects/veith/furoBaseComponents/node_modules/@furo/data/api-fetch.js
FN:62,(anonymous_0)
FN:89,(anonymous_1)
FN:100,(anonymous_2)
FN:112,(anonymous_3)
FN:118,(anonymous_4)
FN:128,(anonymous_5)
FN:130,(anonymous_6)
FN:145,(anonymous_7)
FN:148,(anonymous_8)
FN:168,(anonymous_9)
FN:173,(anonymous_10)
FN:197,(anonymous_11)
FN:202,(anonymous_12)
FN:205,(anonymous_13)
FN:209,(anonymous_14)
FN:235,(anonymous_15)
FN:272,(anonymous_16)
FN:288,(anonymous_17)
FN:307,(anonymous_18)
FN:314,(anonymous_19)
FN:315,(anonymous_20)
FN:321,(anonymous_21)
FN:327,(anonymous_22)
FN:334,(anonymous_23)
FN:340,(anonymous_24)
FN:347,(anonymous_25)
FN:351,(anonymous_26)
FN:360,(anonymous_27)
FN:367,(anonymous_28)
FN:371,(anonymous_29)
FN:380,(anonymous_30)
FN:387,(anonymous_31)
FN:393,(anonymous_32)
FNF:33
FNH:8
FNDA:20,(anonymous_0)
FNDA:12,(anonymous_1)
FNDA:0,(anonymous_2)
FNDA:12,(anonymous_3)
FNDA:0,(anonymous_4)
FNDA:0,(anonymous_5)
FNDA:0,(anonymous_6)
FNDA:12,(anonymous_7)
FNDA:0,(anonymous_8)
FNDA:0,(anonymous_9)
FNDA:0,(anonymous_10)
FNDA:0,(anonymous_11)
FNDA:0,(anonymous_12)
FNDA:0,(anonymous_13)
FNDA:0,(anonymous_14)
FNDA:12,(anonymous_15)
FNDA:0,(anonymous_16)
FNDA:0,(anonymous_17)
FNDA:12,(anonymous_18)
FNDA:0,(anonymous_19)
FNDA:0,(anonymous_20)
FNDA:0,(anonymous_21)
FNDA:0,(anonymous_22)
FNDA:0,(anonymous_23)
FNDA:0,(anonymous_24)
FNDA:0,(anonymous_25)
FNDA:0,(anonymous_26)
FNDA:0,(anonymous_27)
FNDA:0,(anonymous_28)
FNDA:0,(anonymous_29)
FNDA:0,(anonymous_30)
FNDA:12,(anonymous_31)
FNDA:12,(anonymous_32)
DA:63,20
DA:71,20
DA:76,20
DA:81,20
DA:90,12
DA:91,12
DA:101,0
DA:102,0
DA:118,12
DA:119,0
DA:127,12
DA:128,0
DA:129,0
DA:131,0
DA:138,12
DA:140,12
DA:144,12
DA:146,12
DA:149,0
DA:150,0
DA:154,0
DA:156,0
DA:158,0
DA:170,0
DA:171,0
DA:173,0
DA:177,0
DA:178,0
DA:179,0
DA:180,0
DA:182,0
DA:187,0
DA:188,0
DA:189,0
DA:191,0
DA:197,0
DA:198,0
DA:202,0
DA:203,0
DA:205,0
DA:206,0
DA:207,0
DA:209,0
DA:210,0
DA:211,0
DA:214,0
DA:240,12
DA:242,12
DA:244,12
DA:248,12
DA:250,12
DA:258,12
DA:265,0
DA:267,0
DA:272,0
DA:273,0
DA:276,0
DA:278,0
DA:282,0
DA:290,0
DA:309,12
DA:310,12
DA:312,12
DA:313,12
DA:315,0
DA:316,0
DA:322,0
DA:323,0
DA:327,0
DA:328,0
DA:335,0
DA:336,0
DA:340,0
DA:341,0
DA:348,0
DA:349,0
DA:350,0
DA:351,0
DA:352,0
DA:353,0
DA:357,0
DA:360,0
DA:361,0
DA:368,0
DA:369,0
DA:370,0
DA:371,0
DA:372,0
DA:373,0
DA:377,0
DA:380,0
DA:381,0
DA:388,12
DA:389,0
DA:393,12
DA:394,12
DA:401,12
DA:402,12
DA:408,7
LF:99
LH:28
BRDA:127,0,0,0
BRDA:127,0,1,12
BRDA:149,1,0,0
BRDA:149,1,1,0
BRDA:179,2,0,0
BRDA:179,2,1,0
BRDA:188,3,0,0
BRDA:188,3,1,0
BRDA:244,4,0,12
BRDA:244,4,1,0
BRDA:244,5,0,12
BRDA:244,5,1,12
BRDA:244,5,2,12
BRDA:273,6,0,0
BRDA:273,6,1,0
BRDA:310,7,0,12
BRDA:310,7,1,0
BRDA:322,8,0,0
BRDA:322,8,1,0
BRDA:335,9,0,0
BRDA:335,9,1,0
BRDA:348,10,0,0
BRDA:348,10,1,0
BRDA:368,11,0,0
BRDA:368,11,1,0
BRDA:388,12,0,0
BRDA:388,12,1,12
BRDA:401,13,0,12
BRDA:401,13,1,12
BRF:29
BRH:9
end_of_record
TN:
SF:/Users/veith/Projects/veith/furoBaseComponents/node_modules/@furo/data/collection-agent.js
FN:42,(anonymous_0)
FN:48,(anonymous_1)
FN:65,(anonymous_2)
FN:80,(anonymous_3)
FN:90,(anonymous_4)
FN:107,(anonymous_5)
FN:119,(anonymous_6)
FN:126,(anonymous_7)
FN:131,(anonymous_8)
FN:138,(anonymous_9)
FN:171,(anonymous_10)
FN:184,(anonymous_11)
FN:195,(anonymous_12)
FN:219,(anonymous_13)
FN:234,(anonymous_14)
FN:284,(anonymous_15)
FN:305,(anonymous_16)
FN:315,(anonymous_17)
FN:319,(anonymous_18)
FN:332,(anonymous_19)
FN:340,(anonymous_20)
FN:348,(anonymous_21)
FN:355,(anonymous_22)
FN:360,(anonymous_23)
FN:368,(anonymous_24)
FN:384,(anonymous_25)
FN:407,(anonymous_26)
FNF:27
FNH:14
FNDA:20,(anonymous_0)
FNDA:12,(anonymous_1)
FNDA:7,(anonymous_2)
FNDA:20,(anonymous_3)
FNDA:20,(anonymous_4)
FNDA:0,(anonymous_5)
FNDA:0,(anonymous_6)
FNDA:0,(anonymous_7)
FNDA:0,(anonymous_8)
FNDA:0,(anonymous_9)
FNDA:20,(anonymous_10)
FNDA:0,(anonymous_11)
FNDA:0,(anonymous_12)
FNDA:12,(anonymous_13)
FNDA:0,(anonymous_14)
FNDA:12,(anonymous_15)
FNDA:12,(anonymous_16)
FNDA:12,(anonymous_17)
FNDA:0,(anonymous_18)
FNDA:0,(anonymous_19)
FNDA:0,(anonymous_20)
FNDA:0,(anonymous_21)
FNDA:0,(anonymous_22)
FNDA:24,(anonymous_23)
FNDA:36,(anonymous_24)
FNDA:12,(anonymous_25)
FNDA:20,(anonymous_26)
DA:43,20
DA:44,20
DA:45,20
DA:48,20
DA:49,12
DA:55,12
DA:56,12
DA:57,12
DA:61,20
DA:62,20
DA:66,7
DA:81,20
DA:87,20
DA:89,20
DA:90,20
DA:91,20
DA:108,0
DA:120,0
DA:127,0
DA:132,0
DA:133,0
DA:139,0
DA:145,0
DA:146,0
DA:147,0
DA:172,20
DA:173,0
DA:174,0
DA:176,20
DA:178,20
DA:179,0
DA:185,0
DA:196,0
DA:197,0
DA:198,0
DA:199,0
DA:200,0
DA:202,0
DA:206,0
DA:212,0
DA:213,0
DA:214,0
DA:221,12
DA:222,0
DA:225,12
DA:226,12
DA:227,12
DA:229,12
DA:230,12
DA:231,12
DA:233,12
DA:234,0
DA:235,0
DA:236,0
DA:244,12
DA:245,0
DA:246,0
DA:252,12
DA:253,0
DA:257,12
DA:258,0
DA:262,12
DA:263,0
DA:267,12
DA:268,12
DA:269,0
DA:270,0
DA:273,12
DA:274,0
DA:277,12
DA:286,12
DA:288,0
DA:289,0
DA:293,12
DA:294,0
DA:295,0
DA:298,12
DA:299,0
DA:300,0
DA:302,12
DA:306,12
DA:307,0
DA:309,12
DA:316,12
DA:320,0
DA:321,0
DA:322,0
DA:324,0
DA:333,0
DA:341,0
DA:349,0
DA:356,0
DA:362,24
DA:363,0
DA:366,24
DA:367,24
DA:368,24
DA:369,36
DA:376,24
DA:377,24
DA:378,24
DA:379,24
DA:381,0
DA:385,12
DA:391,12
DA:392,12
DA:393,12
DA:395,12
DA:396,12
DA:399,12
DA:400,0
DA:401,0
DA:409,20
DA:426,7
LF:114
LH:60
BRDA:49,0,0,12
BRDA:49,0,1,0
BRDA:132,1,0,0
BRDA:132,1,1,0
BRDA:172,2,0,0
BRDA:172,2,1,20
BRDA:178,3,0,0
BRDA:178,3,1,20
BRDA:198,4,0,0
BRDA:198,4,1,0
BRDA:199,5,0,0
BRDA:199,5,1,0
BRDA:206,6,0,0
BRDA:206,6,1,0
BRDA:221,7,0,0
BRDA:221,7,1,12
BRDA:233,8,0,0
BRDA:233,8,1,12
BRDA:245,9,0,0
BRDA:245,9,1,0
BRDA:252,10,0,0
BRDA:252,10,1,12
BRDA:257,11,0,0
BRDA:257,11,1,12
BRDA:262,12,0,0
BRDA:262,12,1,12
BRDA:269,13,0,0
BRDA:269,13,1,0
BRDA:273,14,0,0
BRDA:273,14,1,12
BRDA:286,15,0,0
BRDA:286,15,1,12
BRDA:293,16,0,0
BRDA:293,16,1,12
BRDA:298,17,0,0
BRDA:298,17,1,12
BRDA:306,18,0,0
BRDA:306,18,1,12
BRDA:320,19,0,0
BRDA:320,19,1,0
BRDA:362,20,0,0
BRDA:362,20,1,24
BRDA:362,21,0,24
BRDA:362,21,1,24
BRDA:362,21,2,0
BRDA:362,21,3,0
BRDA:362,21,4,0
BRDA:366,22,0,24
BRDA:366,22,1,0
BRDA:366,23,0,24
BRDA:366,23,1,24
BRDA:366,23,2,24
BRDA:385,24,0,12
BRDA:385,24,1,0
BRDA:395,25,0,12
BRDA:395,25,1,0
BRDA:399,26,0,0
BRDA:399,26,1,12
BRF:58
BRH:23
end_of_record
TN:
SF:/Users/veith/Projects/veith/furoBaseComponents/node_modules/@furo/data/collection-object.js
FN:14,(anonymous_0)
FN:20,(anonymous_1)
FN:25,(anonymous_2)
FN:29,(anonymous_3)
FN:36,(anonymous_4)
FN:46,(anonymous_5)
FN:54,(anonymous_6)
FN:71,(anonymous_7)
FN:76,(anonymous_8)
FN:89,(anonymous_9)
FNF:10
FNH:8
FNDA:20,(anonymous_0)
FNDA:12,(anonymous_1)
FNDA:0,(anonymous_2)
FNDA:20,(anonymous_3)
FNDA:20,(anonymous_4)
FNDA:0,(anonymous_5)
FNDA:12,(anonymous_6)
FNDA:20,(anonymous_7)
FNDA:7,(anonymous_8)
FNDA:20,(anonymous_9)
DA:15,20
DA:16,20
DA:21,12
DA:26,0
DA:30,20
DA:31,0
DA:33,20
DA:38,20
DA:44,0
DA:45,0
DA:46,0
DA:48,0
DA:50,0
DA:53,20
DA:54,20
DA:60,12
DA:61,12
DA:62,12
DA:69,20
DA:70,20
DA:71,20
DA:72,20
DA:77,7
DA:90,20
DA:93,20
DA:94,20
DA:102,7
LF:27
LH:20
BRDA:30,0,0,0
BRDA:30,0,1,20
BRDA:38,1,0,0
BRDA:38,1,1,20
BRDA:93,2,0,20
BRDA:93,2,1,0
BRF:6
BRH:3
end_of_record
TN:
SF:/Users/veith/Projects/veith/furoBaseComponents/node_modules/@furo/data/custom-method.js
FN:16,(anonymous_0)
FN:23,(anonymous_1)
FN:40,(anonymous_2)
FN:52,(anonymous_3)
FN:56,(anonymous_4)
FN:62,(anonymous_5)
FN:79,(anonymous_6)
FN:81,(anonymous_7)
FN:102,(anonymous_8)
FN:111,(anonymous_9)
FN:120,(anonymous_10)
FN:130,(anonymous_11)
FN:133,(anonymous_12)
FN:148,(anonymous_13)
FNF:14
FNH:1
FNDA:0,(anonymous_0)
FNDA:7,(anonymous_1)
FNDA:0,(anonymous_2)
FNDA:0,(anonymous_3)
FNDA:0,(anonymous_4)
FNDA:0,(anonymous_5)
FNDA:0,(anonymous_6)
FNDA:0,(anonymous_7)
FNDA:0,(anonymous_8)
FNDA:0,(anonymous_9)
FNDA:0,(anonymous_10)
FNDA:0,(anonymous_11)
FNDA:0,(anonymous_12)
FNDA:0,(anonymous_13)
DA:17,0
DA:18,0
DA:19,0
DA:24,7
DA:41,0
DA:42,0
DA:43,0
DA:45,0
DA:47,0
DA:48,0
DA:53,0
DA:57,0
DA:64,0
DA:65,0
DA:68,0
DA:69,0
DA:70,0
DA:72,0
DA:81,0
DA:82,0
DA:85,0
DA:87,0
DA:88,0
DA:92,0
DA:93,0
DA:94,0
DA:96,0
DA:104,0
DA:105,0
DA:107,0
DA:112,0
DA:113,0
DA:115,0
DA:122,0
DA:123,0
DA:126,0
DA:131,0
DA:132,0
DA:133,0
DA:134,0
DA:142,0
DA:143,0
DA:144,0
DA:150,0
DA:167,7
LF:45
LH:2
BRDA:41,0,0,0
BRDA:41,0,1,0
BRDA:47,1,0,0
BRDA:47,1,1,0
BRDA:64,2,0,0
BRDA:64,2,1,0
BRDA:85,3,0,0
BRDA:85,3,1,0
BRDA:92,4,0,0
BRDA:92,4,1,0
BRDA:104,5,0,0
BRDA:104,5,1,0
BRDA:112,6,0,0
BRDA:112,6,1,0
BRDA:122,7,0,0
BRDA:122,7,1,0
BRDA:131,8,0,0
BRDA:131,8,1,0
BRDA:131,9,0,0
BRDA:131,9,1,0
BRDA:131,9,2,0
BRF:21
BRH:0
end_of_record
TN:
SF:/Users/veith/Projects/veith/furoBaseComponents/node_modules/@furo/data/deep-link.js
FN:13,(anonymous_0)
FN:19,(anonymous_1)
FN:36,(anonymous_2)
FN:42,(anonymous_3)
FN:82,(anonymous_4)
FN:93,(anonymous_5)
FN:109,(anonymous_6)
FN:131,(anonymous_7)
FN:139,(anonymous_8)
FNF:9
FNH:9
FNDA:28,(anonymous_0)
FNDA:7,(anonymous_1)
FNDA:15,(anonymous_2)
FNDA:15,(anonymous_3)
FNDA:1,(anonymous_4)
FNDA:1,(anonymous_5)
FNDA:1,(anonymous_6)
FNDA:4,(anonymous_7)
FNDA:27,(anonymous_8)
DA:14,28
DA:15,28
DA:16,28
DA:20,7
DA:37,15
DA:38,15
DA:43,15
DA:46,15
DA:47,75
DA:54,75
DA:56,75
DA:57,30
DA:60,75
DA:62,39
DA:65,15
DA:71,15
DA:72,15
DA:73,15
DA:83,1
DA:84,1
DA:95,1
DA:96,1
DA:97,1
DA:98,1
DA:110,1
DA:111,1
DA:113,1
DA:114,1
DA:132,4
DA:140,27
DA:141,26
DA:142,26
DA:143,1
DA:146,1
DA:153,7
LF:35
LH:35
BRDA:37,0,0,15
BRDA:37,0,1,0
BRDA:37,1,0,15
BRDA:37,1,1,15
BRDA:60,2,0,39
BRDA:60,2,1,36
BRDA:65,3,0,15
BRDA:65,3,1,0
BRDA:140,4,0,26
BRDA:140,4,1,1
BRDA:142,5,0,1
BRDA:142,5,1,25
BRF:12
BRH:10
end_of_record
TN:
SF:/Users/veith/Projects/veith/furoBaseComponents/node_modules/@furo/data/entity-agent.js
FN:16,(anonymous_0)
FN:23,(anonymous_1)
FN:40,(anonymous_2)
FN:53,(anonymous_3)
FN:65,(anonymous_4)
FN:70,(anonymous_5)
FN:91,(anonymous_6)
FN:127,(anonymous_7)
FN:152,(anonymous_8)
FN:175,(anonymous_9)
FN:205,(anonymous_10)
FN:219,(anonymous_11)
FN:220,(anonymous_12)
FN:233,(anonymous_13)
FN:251,(anonymous_14)
FN:259,(anonymous_15)
FN:275,(anonymous_16)
FN:301,(anonymous_17)
FN:314,(anonymous_18)
FNF:19
FNH:2
FNDA:0,(anonymous_0)
FNDA:0,(anonymous_1)
FNDA:7,(anonymous_2)
FNDA:0,(anonymous_3)
FNDA:0,(anonymous_4)
FNDA:0,(anonymous_5)
FNDA:0,(anonymous_6)
FNDA:0,(anonymous_7)
FNDA:0,(anonymous_8)
FNDA:0,(anonymous_9)
FNDA:0,(anonymous_10)
FNDA:0,(anonymous_11)
FNDA:0,(anonymous_12)
FNDA:0,(anonymous_13)
FNDA:0,(anonymous_14)
FNDA:0,(anonymous_15)
FNDA:0,(anonymous_16)
FNDA:7,(anonymous_17)
FNDA:0,(anonymous_18)
DA:17,0
DA:18,0
DA:19,0
DA:23,0
DA:24,0
DA:30,0
DA:31,0
DA:32,0
DA:36,0
DA:41,7
DA:54,0
DA:55,0
DA:56,0
DA:58,0
DA:60,0
DA:61,0
DA:66,0
DA:72,0
DA:73,0
DA:76,0
DA:78,0
DA:80,0
DA:81,0
DA:84,0
DA:93,0
DA:94,0
DA:95,0
DA:99,0
DA:100,0
DA:101,0
DA:105,0
DA:106,0
DA:107,0
DA:109,0
DA:128,0
DA:129,0
DA:131,0
DA:132,0
DA:153,0
DA:154,0
DA:156,0
DA:157,0
DA:178,0
DA:179,0
DA:180,0
DA:182,0
DA:183,0
DA:185,0
DA:187,0
DA:206,0
DA:207,0
DA:209,0
DA:210,0
DA:220,0
DA:222,0
DA:223,0
DA:224,0
DA:225,0
DA:228,0
DA:229,0
DA:233,0
DA:235,0
DA:236,0
DA:237,0
DA:238,0
DA:241,0
DA:242,0
DA:248,0
DA:249,0
DA:253,0
DA:254,0
DA:257,0
DA:258,0
DA:259,0
DA:260,0
DA:267,0
DA:268,0
DA:269,0
DA:270,0
DA:272,0
DA:276,0
DA:282,0
DA:283,0
DA:284,0
DA:287,0
DA:288,0
DA:289,0
DA:303,7
DA:316,0
DA:329,7
LF:90
LH:3
BRDA:24,0,0,0
BRDA:24,0,1,0
BRDA:54,1,0,0
BRDA:54,1,1,0
BRDA:60,2,0,0
BRDA:60,2,1,0
BRDA:72,3,0,0
BRDA:72,3,1,0
BRDA:80,4,0,0
BRDA:80,4,1,0
BRDA:93,5,0,0
BRDA:93,5,1,0
BRDA:99,6,0,0
BRDA:99,6,1,0
BRDA:105,7,0,0
BRDA:105,7,1,0
BRDA:128,8,0,0
BRDA:128,8,1,0
BRDA:153,9,0,0
BRDA:153,9,1,0
BRDA:178,10,0,0
BRDA:178,10,1,0
BRDA:182,11,0,0
BRDA:182,11,1,0
BRDA:206,12,0,0
BRDA:206,12,1,0
BRDA:253,13,0,0
BRDA:253,13,1,0
BRDA:253,14,0,0
BRDA:253,14,1,0
BRDA:253,14,2,0
BRDA:253,14,3,0
BRDA:253,14,4,0
BRDA:257,15,0,0
BRDA:257,15,1,0
BRDA:257,16,0,0
BRDA:257,16,1,0
BRDA:257,16,2,0
BRDA:276,17,0,0
BRDA:276,17,1,0
BRDA:287,18,0,0
BRDA:287,18,1,0
BRF:42
BRH:0
end_of_record
TN:
SF:/Users/veith/Projects/veith/furoBaseComponents/node_modules/@furo/data/entity-field.js
FN:17,(anonymous_0)
FN:22,(anonymous_1)
FN:26,(anonymous_2)
FN:31,(anonymous_3)
FN:35,(anonymous_4)
FN:45,(anonymous_5)
FNF:6
FNH:0
FNDA:0,(anonymous_0)
FNDA:0,(anonymous_1)
FNDA:0,(anonymous_2)
FNDA:0,(anonymous_3)
FNDA:0,(anonymous_4)
FNDA:0,(anonymous_5)
DA:18,0
DA:23,0
DA:27,0
DA:28,0
DA:32,0
DA:36,0
DA:37,0
DA:38,0
DA:39,0
DA:42,0
DA:45,0
DA:54,0
DA:55,0
DA:56,0
DA:66,7
LF:15
LH:1
BRDA:36,0,0,0
BRDA:36,0,1,0
BRF:2
BRH:0
end_of_record
TN:
SF:/Users/veith/Projects/veith/furoBaseComponents/node_modules/@furo/data/entity-object.js
FN:15,(anonymous_0)
FN:21,(anonymous_1)
FN:30,(anonymous_2)
FN:37,(anonymous_3)
FN:40,(anonymous_4)
FN:46,(anonymous_5)
FN:53,(anonymous_6)
FN:73,(anonymous_7)
FN:78,(anonymous_8)
FN:90,(anonymous_9)
FN:107,(anonymous_10)
FN:111,(anonymous_11)
FN:116,(anonymous_12)
FNF:13
FNH:10
FNDA:61,(anonymous_0)
FNDA:7,(anonymous_1)
FNDA:0,(anonymous_2)
FNDA:100,(anonymous_3)
FNDA:42,(anonymous_4)
FNDA:61,(anonymous_5)
FNDA:61,(anonymous_6)
FNDA:55,(anonymous_7)
FNDA:58,(anonymous_8)
FNDA:1943,(anonymous_9)
FNDA:0,(anonymous_10)
FNDA:0,(anonymous_11)
FNDA:61,(anonymous_12)
DA:16,61
DA:17,61
DA:22,7
DA:31,0
DA:39,100
DA:40,42
DA:42,58
DA:47,61
DA:48,0
DA:50,61
DA:55,61
DA:56,0
DA:57,0
DA:64,61
DA:71,61
DA:72,61
DA:73,61
DA:74,55
DA:78,61
DA:84,58
DA:85,58
DA:86,58
DA:90,61
DA:96,1943
DA:97,1943
DA:99,1943
DA:108,0
DA:109,0
DA:110,0
DA:111,0
DA:112,0
DA:117,61
DA:120,61
DA:121,61
DA:125,61
DA:132,7
LF:36
LH:27
BRDA:39,0,0,42
BRDA:39,0,1,58
BRDA:47,1,0,0
BRDA:47,1,1,61
BRDA:55,2,0,0
BRDA:55,2,1,61
BRDA:120,3,0,61
BRDA:120,3,1,0
BRF:8
BRH:5
end_of_record
TN:
SF:/Users/veith/Projects/veith/furoBaseComponents/node_modules/@furo/data/entity-validator.js
FN:13,(anonymous_0)
FN:19,(anonymous_1)
FN:21,(anonymous_2)
FN:31,(anonymous_3)
FN:41,(anonymous_4)
FN:51,(anonymous_5)
FN:58,(anonymous_6)
FN:72,(anonymous_7)
FN:75,(anonymous_8)
FNF:9
FNH:0
FNDA:0,(anonymous_0)
FNDA:0,(anonymous_1)
FNDA:0,(anonymous_2)
FNDA:0,(anonymous_3)
FNDA:0,(anonymous_4)
FNDA:0,(anonymous_5)
FNDA:0,(anonymous_6)
FNDA:0,(anonymous_7)
FNDA:0,(anonymous_8)
DA:14,0
DA:15,0
DA:16,0
DA:20,0
DA:22,0
DA:23,0
DA:24,0
DA:25,0
DA:27,0
DA:29,0
DA:32,0
DA:33,0
DA:34,0
DA:35,0
DA:37,0
DA:39,0
DA:42,0
DA:43,0
DA:44,0
DA:46,0
DA:50,0
DA:52,0
DA:53,0
DA:54,0
DA:56,0
DA:59,0
DA:60,0
DA:61,0
DA:62,0
DA:64,0
DA:66,0
DA:73,0
DA:75,0
DA:77,0
DA:78,0
DA:81,0
DA:83,0
DA:84,0
DA:85,0
DA:87,0
DA:88,0
DA:90,0
DA:93,0
DA:94,0
DA:103,0
DA:104,0
DA:120,7
LF:47
LH:1
BRDA:23,0,0,0
BRDA:23,0,1,0
BRDA:24,1,0,0
BRDA:24,1,1,0
BRDA:33,2,0,0
BRDA:33,2,1,0
BRDA:34,3,0,0
BRDA:34,3,1,0
BRDA:43,4,0,0
BRDA:43,4,1,0
BRDA:53,5,0,0
BRDA:53,5,1,0
BRDA:60,6,0,0
BRDA:60,6,1,0
BRDA:61,7,0,0
BRDA:61,7,1,0
BRDA:81,8,0,0
BRDA:81,8,1,0
BRDA:81,9,0,0
BRDA:81,9,1,0
BRDA:84,10,0,0
BRDA:84,10,1,0
BRDA:87,11,0,0
BRDA:87,11,1,0
BRDA:93,12,0,0
BRDA:93,12,1,0
BRF:26
BRH:0
end_of_record
TN:
SF:/Users/veith/Projects/veith/furoBaseComponents/node_modules/@furo/data/furo-filter-container.js
FN:17,(anonymous_0)
FN:25,(anonymous_1)
FN:32,(anonymous_2)
FN:42,(anonymous_3)
FN:68,(anonymous_4)
FN:95,(anonymous_5)
FN:119,(anonymous_6)
FNF:7
FNH:0
FNDA:0,(anonymous_0)
FNDA:0,(anonymous_1)
FNDA:0,(anonymous_2)
FNDA:0,(anonymous_3)
FNDA:0,(anonymous_4)
FNDA:0,(anonymous_5)
FNDA:0,(anonymous_6)
DA:18,0
DA:19,0
DA:20,0
DA:23,0
DA:24,0
DA:25,0
DA:27,0
DA:32,0
DA:35,0
DA:36,0
DA:38,0
DA:40,0
DA:42,0
DA:48,0
DA:49,0
DA:50,0
DA:51,0
DA:60,0
DA:61,0
DA:69,0
DA:70,0
DA:71,0
DA:73,0
DA:74,0
DA:75,0
DA:76,0
DA:77,0
DA:79,0
DA:80,0
DA:83,0
DA:85,0
DA:87,0
DA:88,0
DA:96,0
DA:97,0
DA:99,0
DA:100,0
DA:101,0
DA:103,0
DA:106,0
DA:107,0
DA:108,0
DA:110,0
DA:112,0
DA:113,0
DA:121,0
DA:122,0
DA:124,0
DA:126,0
DA:128,0
DA:129,0
DA:137,7
LF:52
LH:1
BRDA:24,0,0,0
BRDA:24,0,1,0
BRDA:38,1,0,0
BRDA:38,1,1,0
BRDA:73,2,0,0
BRDA:73,2,1,0
BRDA:74,3,0,0
BRDA:74,3,1,0
BRDA:76,4,0,0
BRDA:76,4,1,0
BRDA:83,5,0,0
BRDA:83,5,1,0
BRDA:87,6,0,0
BRDA:87,6,1,0
BRDA:99,7,0,0
BRDA:99,7,1,0
BRDA:100,8,0,0
BRDA:100,8,1,0
BRDA:108,9,0,0
BRDA:108,9,1,0
BRDA:112,10,0,0
BRDA:112,10,1,0
BRDA:124,11,0,0
BRDA:124,11,1,0
BRDA:128,12,0,0
BRDA:128,12,1,0
BRF:26
BRH:0
end_of_record
TN:
SF:/Users/veith/Projects/veith/furoBaseComponents/node_modules/@furo/data/furo-filter-field.js
FN:15,(anonymous_0)
FN:23,(anonymous_1)
FN:33,(anonymous_2)
FN:39,(anonymous_3)
FN:44,(anonymous_4)
FN:50,(anonymous_5)
FN:68,(anonymous_6)
FNF:7
FNH:2
FNDA:0,(anonymous_0)
FNDA:7,(anonymous_1)
FNDA:0,(anonymous_2)
FNDA:0,(anonymous_3)
FNDA:0,(anonymous_4)
FNDA:0,(anonymous_5)
FNDA:7,(anonymous_6)
DA:16,0
DA:24,7
DA:34,0
DA:35,0
DA:40,0
DA:41,0
DA:45,0
DA:47,0
DA:51,0
DA:57,0
DA:58,0
DA:59,0
DA:70,7
DA:80,7
LF:14
LH:3
BRDA:51,0,0,0
BRDA:51,0,1,0
BRDA:51,1,0,0
BRDA:51,1,1,0
BRDA:51,1,2,0
BRF:5
BRH:0
end_of_record
TN:
SF:/Users/veith/Projects/veith/furoBaseComponents/node_modules/@furo/data/rel-exists.js
FN:13,(anonymous_0)
FN:25,(anonymous_1)
FN:26,(anonymous_2)
FN:62,(anonymous_3)
FN:75,(anonymous_4)
FNF:5
FNH:5
FNDA:8,(anonymous_0)
FNDA:5,(anonymous_1)
FNDA:10,(anonymous_2)
FNDA:7,(anonymous_3)
FNDA:12,(anonymous_4)
DA:14,8
DA:26,5
DA:28,10
DA:30,4
DA:32,6
DA:35,5
DA:41,3
DA:42,3
DA:43,3
DA:44,3
DA:52,2
DA:53,2
DA:55,2
DA:63,7
DA:76,12
DA:78,10
DA:79,10
DA:82,2
DA:83,2
DA:89,7
LF:20
LH:20
BRDA:28,0,0,4
BRDA:28,0,1,6
BRDA:30,1,0,4
BRDA:30,1,1,2
BRDA:35,2,0,3
BRDA:35,2,1,2
BRDA:76,3,0,10
BRDA:76,3,1,2
BRF:8
BRH:8
end_of_record
TN:
SF:/Users/veith/Projects/veith/furoBaseComponents/node_modules/@furo/data/reverse-deep-link.js
FN:21,(anonymous_0)
FN:33,(anonymous_1)
FN:62,(anonymous_2)
FN:70,(anonymous_3)
FN:91,(anonymous_4)
FN:118,(anonymous_5)
FN:126,(anonymous_6)
FNF:7
FNH:7
FNDA:6,(anonymous_0)
FNDA:5,(anonymous_1)
FNDA:4,(anonymous_2)
FNDA:2,(anonymous_3)
FNDA:4,(anonymous_4)
FNDA:8,(anonymous_5)
FNDA:7,(anonymous_6)
DA:22,6
DA:23,6
DA:24,6
DA:34,5
DA:37,5
DA:38,1
DA:39,1
DA:41,4
DA:43,4
DA:47,4
DA:49,2
DA:52,1
DA:53,1
DA:57,1
DA:58,0
DA:62,2
DA:63,4
DA:69,4
DA:70,1
DA:71,2
DA:75,4
DA:76,4
DA:84,4
DA:85,4
DA:86,4
DA:87,4
DA:92,4
DA:99,4
DA:100,1
DA:102,4
DA:103,4
DA:104,4
DA:106,4
DA:109,4
DA:110,8
DA:111,8
DA:114,4
DA:115,4
DA:116,4
DA:117,4
DA:118,4
DA:119,8
DA:123,4
DA:127,7
DA:146,7
LF:45
LH:44
BRDA:37,0,0,1
BRDA:37,0,1,4
BRDA:47,1,0,2
BRDA:47,1,1,2
BRDA:49,2,0,1
BRDA:49,2,1,1
BRDA:49,3,0,2
BRDA:49,3,1,2
BRDA:52,4,0,1
BRDA:52,4,1,0
BRDA:57,5,0,0
BRDA:57,5,1,1
BRDA:69,6,0,1
BRDA:69,6,1,3
BRDA:75,7,0,4
BRDA:75,7,1,0
BRDA:99,8,0,1
BRDA:99,8,1,3
BRDA:117,9,0,4
BRDA:117,9,1,0
BRF:20
BRH:16
end_of_record
TN:
SF:/Users/veith/Projects/veith/furoBaseComponents/node_modules/@furo/data/server-status.js
FN:15,(anonymous_0)
FN:28,(anonymous_1)
FN:45,(anonymous_2)
FNF:3
FNH:1
FNDA:0,(anonymous_0)
FNDA:0,(anonymous_1)
FNDA:7,(anonymous_2)
DA:17,0
DA:29,0
DA:30,0
DA:32,0
DA:38,0
DA:39,0
DA:40,0
DA:46,7
DA:63,7
LF:9
LH:2
BRDA:32,0,0,0
BRDA:32,0,1,0
BRF:2
BRH:0
end_of_record
TN:
SF:/Users/veith/Projects/veith/furoBaseComponents/node_modules/@furo/data-ui/furo-data-table.js
FN:9,(anonymous_0)
FN:9,(anonymous_1)
FN:10,(anonymous_2)
FN:10,(anonymous_3)
FN:61,(anonymous_4)
FN:71,(anonymous_5)
FN:86,(anonymous_6)
FN:110,(anonymous_7)
FN:233,(anonymous_8)
FN:246,(anonymous_9)
FN:256,(anonymous_10)
FN:296,(anonymous_11)
FN:304,(anonymous_12)
FN:307,(anonymous_13)
FN:310,(anonymous_14)
FN:315,(anonymous_15)
FN:324,(anonymous_16)
FN:333,(anonymous_17)
FN:339,(anonymous_18)
FN:353,(anonymous_19)
FN:392,(anonymous_20)
FN:420,(anonymous_21)
FN:448,(anonymous_22)
FNF:23
FNH:21
FNDA:42,(anonymous_0)
FNDA:192,(anonymous_1)
FNDA:42,(anonymous_2)
FNDA:192,(anonymous_3)
FNDA:20,(anonymous_4)
FNDA:2,(anonymous_5)
FNDA:2,(anonymous_6)
FNDA:2,(anonymous_7)
FNDA:42,(anonymous_8)
FNDA:22,(anonymous_9)
FNDA:2,(anonymous_10)
FNDA:20,(anonymous_11)
FNDA:2,(anonymous_12)
FNDA:10,(anonymous_13)
FNDA:0,(anonymous_14)
FNDA:0,(anonymous_15)
FNDA:12,(anonymous_16)
FNDA:20,(anonymous_17)
FNDA:12,(anonymous_18)
FNDA:42,(anonymous_19)
FNDA:10,(anonymous_20)
FNDA:2,(anonymous_21)
FNDA:20,(anonymous_22)
DA:9,192
DA:10,192
DA:62,20
DA:63,20
DA:64,20
DA:65,20
DA:66,20
DA:67,20
DA:68,20
DA:69,20
DA:71,20
DA:72,2
DA:73,2
DA:74,2
DA:76,0
DA:79,2
DA:87,2
DA:112,2
DA:234,42
DA:235,2
DA:237,42
DA:248,22
DA:254,2
DA:255,2
DA:256,2
DA:258,2
DA:259,2
DA:263,22
DA:265,176
DA:266,176
DA:267,176
DA:268,66
DA:270,110
DA:272,176
DA:273,176
DA:274,4
DA:280,176
DA:282,176
DA:283,176
DA:285,176
DA:288,22
DA:297,20
DA:300,20
DA:301,20
DA:304,20
DA:305,2
DA:307,20
DA:308,10
DA:310,20
DA:311,0
DA:315,20
DA:316,0
DA:317,0
DA:325,12
DA:326,12
DA:334,20
DA:339,20
DA:340,12
DA:343,20
DA:355,42
DA:394,10
DA:396,10
DA:398,2
DA:399,2
DA:401,2
DA:403,6
DA:404,6
DA:406,6
DA:408,2
DA:411,2
DA:421,2
DA:422,2
DA:423,2
DA:424,6
DA:427,2
DA:428,0
DA:429,0
DA:431,0
DA:432,0
DA:436,2
DA:437,2
DA:449,20
DA:451,20
DA:453,20
DA:454,20
DA:455,60
DA:457,20
DA:458,20
DA:464,2
LF:89
LH:81
BRDA:72,0,0,2
BRDA:72,0,1,0
BRDA:73,1,0,2
BRDA:73,1,1,0
BRDA:112,2,0,2
BRDA:112,2,1,2
BRDA:234,3,0,2
BRDA:234,3,1,40
BRDA:248,4,0,2
BRDA:248,4,1,20
BRDA:265,5,0,176
BRDA:265,5,1,0
BRDA:267,6,0,66
BRDA:267,6,1,110
BRDA:272,7,0,176
BRDA:272,7,1,0
BRDA:273,8,0,4
BRDA:273,8,1,172
BRDA:282,9,0,176
BRDA:282,9,1,176
BRDA:300,10,0,20
BRDA:300,10,1,0
BRDA:396,11,0,2
BRDA:396,11,1,6
BRDA:396,11,2,2
BRDA:398,12,0,2
BRDA:398,12,1,0
BRDA:403,13,0,6
BRDA:403,13,1,0
BRDA:427,14,0,0
BRDA:427,14,1,2
BRDA:431,15,0,0
BRDA:431,15,1,0
BRDA:436,16,0,2
BRDA:436,16,1,0
BRDA:436,17,0,2
BRDA:436,17,1,2
BRDA:451,18,0,20
BRDA:451,18,1,0
BRDA:451,19,0,20
BRDA:451,19,1,20
BRDA:451,19,2,20
BRF:42
BRH:30
end_of_record
TN:
SF:/Users/veith/Projects/veith/furoBaseComponents/node_modules/@furo/fbp/empty-fbp-node.js
FNF:0
FNH:0
DA:8,11
LF:1
LH:1
BRF:0
BRH:0
end_of_record
TN:
SF:/Users/veith/Projects/veith/furoBaseComponents/node_modules/@furo/fbp/fbp.js
FN:1,(anonymous_0)
FN:6,(anonymous_1)
FN:15,(anonymous_2)
FN:21,(anonymous_3)
FN:32,(anonymous_4)
FN:35,(anonymous_5)
FN:85,(anonymous_6)
FN:111,(anonymous_7)
FN:114,(anonymous_8)
FN:143,(anonymous_9)
FN:145,(anonymous_10)
FN:169,(anonymous_11)
FN:170,(anonymous_12)
FN:180,(anonymous_13)
FN:226,(anonymous_14)
FN:246,(anonymous_15)
FN:271,(anonymous_16)
FN:313,registerEvent
FN:325,(anonymous_18)
FN:330,(anonymous_19)
FN:363,(anonymous_20)
FN:386,(anonymous_21)
FN:409,(anonymous_22)
FN:432,(anonymous_23)
FN:467,(anonymous_24)
FN:470,(anonymous_25)
FN:474,(anonymous_26)
FN:484,(anonymous_27)
FN:489,(anonymous_28)
FN:509,(anonymous_29)
FN:533,(anonymous_30)
FN:573,(anonymous_31)
FNF:32
FNH:31
FNDA:107,(anonymous_0)
FNDA:857,(anonymous_1)
FNDA:0,(anonymous_2)
FNDA:133,(anonymous_3)
FNDA:1715,(anonymous_4)
FNDA:785,(anonymous_5)
FNDA:85,(anonymous_6)
FNDA:1,(anonymous_7)
FNDA:2,(anonymous_8)
FNDA:1,(anonymous_9)
FNDA:2,(anonymous_10)
FNDA:1180,(anonymous_11)
FNDA:828,(anonymous_12)
FNDA:477,(anonymous_13)
FNDA:312,(anonymous_14)
FNDA:868,(anonymous_15)
FNDA:367,(anonymous_16)
FNDA:367,registerEvent
FNDA:1,(anonymous_18)
FNDA:185,(anonymous_19)
FNDA:2,(anonymous_20)
FNDA:2,(anonymous_21)
FNDA:2,(anonymous_22)
FNDA:4,(anonymous_23)
FNDA:477,(anonymous_24)
FNDA:243,(anonymous_25)
FNDA:1180,(anonymous_26)
FNDA:488,(anonymous_27)
FNDA:91,(anonymous_28)
FNDA:566,(anonymous_29)
FNDA:4,(anonymous_30)
FNDA:570,(anonymous_31)
DA:1,20
DA:5,107
DA:7,857
DA:8,857
DA:9,857
DA:10,857
DA:16,0
DA:17,0
DA:22,133
DA:23,133
DA:33,1715
DA:34,1472
DA:35,523
DA:37,785
DA:38,42
DA:40,743
DA:43,479
DA:44,1
DA:46,478
DA:47,478
DA:48,306
DA:50,478
DA:53,479
DA:54,479
DA:55,479
DA:58,264
DA:59,252
DA:60,252
DA:61,249
DA:63,252
DA:65,12
DA:73,243
DA:86,85
DA:87,85
DA:88,4
DA:89,3
DA:90,3
DA:92,1
DA:93,1
DA:97,81
DA:98,81
DA:112,1
DA:113,1
DA:114,1
DA:115,2
DA:116,2
DA:118,2
DA:119,2
DA:120,2
DA:122,2
DA:123,2
DA:124,2
DA:126,2
DA:127,2
DA:128,2
DA:129,2
DA:144,1
DA:145,1
DA:146,2
DA:147,0
DA:149,2
DA:150,2
DA:151,2
DA:152,2
DA:154,2
DA:155,2
DA:156,2
DA:159,2
DA:160,2
DA:161,2
DA:163,2
DA:170,1180
DA:171,828
DA:181,477
DA:182,477
DA:184,477
DA:185,477
DA:186,477
DA:187,2229
DA:190,2229
DA:192,45
DA:193,45
DA:195,45
DA:198,45
DA:199,45
DA:200,135
DA:201,135
DA:202,135
DA:206,45
DA:207,45
DA:209,45
DA:212,45
DA:213,45
DA:218,2229
DA:221,2842
DA:222,312
DA:223,0
DA:226,312
DA:227,312
DA:229,312
DA:230,60
DA:232,312
DA:238,312
DA:242,2530
DA:246,868
DA:247,868
DA:249,868
DA:250,809
DA:252,868
DA:260,868
DA:265,1662
DA:266,285
DA:270,285
DA:271,285
DA:272,367
DA:274,367
DA:275,367
DA:276,12
DA:277,12
DA:280,355
DA:281,12
DA:282,12
DA:283,343
DA:284,24
DA:285,24
DA:286,24
DA:287,12
DA:288,12
DA:291,319
DA:292,6
DA:293,6
DA:295,313
DA:296,313
DA:299,367
DA:301,285
DA:316,367
DA:317,367
DA:319,367
DA:320,1147
DA:323,367
DA:326,1
DA:327,1
DA:337,185
DA:338,185
DA:339,185
DA:343,17
DA:344,16
DA:346,9
DA:349,7
DA:353,1
DA:355,17
DA:358,185
DA:364,2
DA:365,1
DA:366,1
DA:367,1
DA:369,1
DA:370,0
DA:371,0
DA:373,0
DA:376,1
DA:378,1
DA:380,1
DA:381,1
DA:382,1
DA:387,2
DA:388,1
DA:389,1
DA:390,1
DA:392,1
DA:393,0
DA:394,0
DA:396,0
DA:399,1
DA:401,1
DA:403,1
DA:404,1
DA:405,1
DA:411,2
DA:412,1
DA:413,1
DA:414,1
DA:416,1
DA:417,0
DA:418,0
DA:420,0
DA:423,1
DA:425,1
DA:427,1
DA:428,1
DA:429,1
DA:434,4
DA:441,367
DA:442,367
DA:450,477
DA:451,477
DA:453,477
DA:454,477
DA:455,1
DA:456,1
DA:468,477
DA:471,243
DA:477,1180
DA:478,1180
DA:479,1180
DA:481,1180
DA:486,488
DA:487,488
DA:489,488
DA:490,91
DA:493,488
DA:494,377
DA:510,566
DA:511,566
DA:513,566
DA:514,917
DA:515,5
DA:517,912
DA:518,912
DA:521,561
DA:534,4
DA:536,4
DA:537,4
DA:539,4
DA:541,3
DA:542,3
DA:543,3
DA:544,3
DA:545,3
DA:549,0
DA:552,1
DA:554,1
DA:574,570
DA:612,20
LF:234
LH:220
BRDA:33,0,0,1472
BRDA:33,0,1,243
BRDA:34,1,0,523
BRDA:34,1,1,949
BRDA:37,2,0,42
BRDA:37,2,1,743
BRDA:40,3,0,479
BRDA:40,3,1,264
BRDA:43,4,0,1
BRDA:43,4,1,478
BRDA:43,5,0,479
BRDA:43,5,1,51
BRDA:47,6,0,306
BRDA:47,6,1,172
BRDA:58,7,0,252
BRDA:58,7,1,12
BRDA:60,8,0,249
BRDA:60,8,1,3
BRDA:86,9,0,85
BRDA:86,9,1,81
BRDA:87,10,0,4
BRDA:87,10,1,81
BRDA:88,11,0,3
BRDA:88,11,1,1
BRDA:146,12,0,0
BRDA:146,12,1,2
BRDA:190,13,0,45
BRDA:190,13,1,2184
BRDA:192,14,0,45
BRDA:192,14,1,0
BRDA:221,15,0,312
BRDA:221,15,1,2530
BRDA:221,16,0,2842
BRDA:221,16,1,2530
BRDA:222,17,0,0
BRDA:222,17,1,312
BRDA:229,18,0,60
BRDA:229,18,1,252
BRDA:242,19,0,868
BRDA:242,19,1,1662
BRDA:249,20,0,809
BRDA:249,20,1,59
BRDA:265,21,0,285
BRDA:265,21,1,1377
BRDA:275,22,0,12
BRDA:275,22,1,355
BRDA:280,23,0,12
BRDA:280,23,1,343
BRDA:283,24,0,24
BRDA:283,24,1,319
BRDA:286,25,0,12
BRDA:286,25,1,12
BRDA:291,26,0,6
BRDA:291,26,1,313
BRDA:339,27,0,17
BRDA:339,27,1,168
BRDA:339,28,0,185
BRDA:339,28,1,185
BRDA:343,29,0,16
BRDA:343,29,1,1
BRDA:344,30,0,9
BRDA:344,30,1,7
BRDA:364,31,0,1
BRDA:364,31,1,1
BRDA:364,32,0,2
BRDA:364,32,1,2
BRDA:369,33,0,0
BRDA:369,33,1,1
BRDA:370,34,0,0
BRDA:370,34,1,0
BRDA:387,35,0,1
BRDA:387,35,1,1
BRDA:387,36,0,2
BRDA:387,36,1,2
BRDA:392,37,0,0
BRDA:392,37,1,1
BRDA:393,38,0,0
BRDA:393,38,1,0
BRDA:411,39,0,1
BRDA:411,39,1,1
BRDA:411,40,0,2
BRDA:411,40,1,2
BRDA:416,41,0,0
BRDA:416,41,1,1
BRDA:417,42,0,0
BRDA:417,42,1,0
BRDA:450,43,0,477
BRDA:450,43,1,0
BRDA:493,44,0,377
BRDA:493,44,1,111
BRDA:514,45,0,5
BRDA:514,45,1,912
BRDA:539,46,0,3
BRDA:539,46,1,1
BRDA:544,47,0,3
BRDA:544,47,1,0
BRF:96
BRH:82
end_of_record
TN:
SF:/Users/veith/Projects/veith/furoBaseComponents/node_modules/@furo/fbp/flow-bind.js
FN:29,(anonymous_0)
FNF:1
FNH:1
FNDA:66,(anonymous_0)
DA:30,66
DA:31,66
DA:32,66
DA:33,66
DA:34,66
DA:35,66
DA:36,66
DA:37,66
DA:38,66
DA:39,66
DA:43,11
LF:11
LH:11
BRF:0
BRH:0
end_of_record
TN:
SF:/Users/veith/Projects/veith/furoBaseComponents/node_modules/@furo/fbp/flow-repeat.js
FN:18,(anonymous_0)
FN:27,(anonymous_1)
FN:35,(anonymous_2)
FN:52,(anonymous_3)
FN:61,(anonymous_4)
FN:70,(anonymous_5)
FN:75,(anonymous_6)
FN:83,(anonymous_7)
FN:91,(anonymous_8)
FN:101,(anonymous_9)
FN:109,(anonymous_10)
FN:120,(anonymous_11)
FN:151,(anonymous_12)
FN:152,(anonymous_13)
FN:163,(anonymous_14)
FN:172,(anonymous_15)
FN:185,(anonymous_16)
FN:193,(anonymous_17)
FN:200,(anonymous_18)
FNF:19
FNH:9
FNDA:45,(anonymous_0)
FNDA:0,(anonymous_1)
FNDA:0,(anonymous_2)
FNDA:0,(anonymous_3)
FNDA:0,(anonymous_4)
FNDA:0,(anonymous_5)
FNDA:0,(anonymous_6)
FNDA:0,(anonymous_7)
FNDA:114,(anonymous_8)
FNDA:38,(anonymous_9)
FNDA:278,(anonymous_10)
FNDA:19,(anonymous_11)
FNDA:1,(anonymous_12)
FNDA:1,(anonymous_13)
FNDA:38,(anonymous_14)
FNDA:45,(anonymous_15)
FNDA:0,(anonymous_16)
FNDA:0,(anonymous_17)
FNDA:0,(anonymous_18)
DA:19,45
DA:20,45
DA:21,45
DA:28,0
DA:36,0
DA:39,0
DA:40,0
DA:43,0
DA:44,0
DA:53,0
DA:55,0
DA:56,0
DA:58,0
DA:62,0
DA:64,0
DA:65,0
DA:67,0
DA:71,0
DA:76,0
DA:77,0
DA:84,0
DA:85,0
DA:86,0
DA:92,114
DA:93,38
DA:95,76
DA:96,0
DA:98,76
DA:102,38
DA:103,0
DA:105,0
DA:108,38
DA:109,38
DA:111,278
DA:112,278
DA:113,278
DA:114,278
DA:116,278
DA:119,278
DA:120,19
DA:121,19
DA:125,278
DA:127,278
DA:130,278
DA:131,278
DA:135,278
DA:136,278
DA:137,38
DA:140,278
DA:141,38
DA:144,278
DA:145,278
DA:146,278
DA:151,38
DA:152,1
DA:153,1
DA:157,38
DA:163,38
DA:164,38
DA:165,38
DA:166,38
DA:173,45
DA:176,45
DA:177,45
DA:178,45
DA:181,45
DA:186,0
DA:187,0
DA:188,0
DA:194,0
DA:195,0
DA:196,0
DA:201,0
DA:202,0
DA:203,0
DA:205,0
DA:213,4
LF:77
LH:44
BRDA:36,0,0,0
BRDA:36,0,1,0
BRDA:39,1,0,0
BRDA:39,1,1,0
BRDA:55,2,0,0
BRDA:55,2,1,0
BRDA:64,3,0,0
BRDA:64,3,1,0
BRDA:84,4,0,0
BRDA:84,4,1,0
BRDA:84,5,0,0
BRDA:84,5,1,0
BRDA:92,6,0,38
BRDA:92,6,1,76
BRDA:92,7,0,114
BRDA:92,7,1,114
BRDA:95,8,0,0
BRDA:95,8,1,76
BRDA:102,9,0,0
BRDA:102,9,1,38
BRDA:119,10,0,19
BRDA:119,10,1,259
BRDA:136,11,0,38
BRDA:136,11,1,240
BRDA:140,12,0,38
BRDA:140,12,1,240
BRDA:157,13,0,38
BRDA:157,13,1,0
BRDA:177,14,0,45
BRDA:177,14,1,0
BRDA:177,15,0,45
BRDA:177,15,1,45
BRDA:181,16,0,45
BRDA:181,16,1,25
BRDA:186,17,0,0
BRDA:186,17,1,0
BRDA:194,18,0,0
BRDA:194,18,1,0
BRDA:201,19,0,0
BRDA:201,19,1,0
BRF:40
BRH:18
end_of_record
TN:
SF:/Users/veith/Projects/veith/furoBaseComponents/node_modules/@furo/form/furo-button-bar.js
FN:21,(anonymous_0)
FN:43,(anonymous_1)
FNF:2
FNH:2
FNDA:3,(anonymous_0)
FNDA:3,(anonymous_1)
DA:23,3
DA:45,3
DA:54,3
LF:3
LH:3
BRDA:23,0,0,3
BRDA:23,0,1,3
BRF:2
BRH:2
end_of_record
TN:
SF:/Users/veith/Projects/veith/furoBaseComponents/node_modules/@furo/form/furo-collapsible-box.js
FN:25,(anonymous_0)
FN:48,(anonymous_1)
FN:56,(anonymous_2)
FN:69,(anonymous_3)
FN:80,(anonymous_4)
FN:90,(anonymous_5)
FN:100,(anonymous_6)
FN:138,(anonymous_7)
FN:147,(anonymous_8)
FN:158,(anonymous_9)
FN:227,(anonymous_10)
FN:287,(anonymous_11)
FNF:12
FNH:12
FNDA:11,(anonymous_0)
FNDA:7,(anonymous_1)
FNDA:3,(anonymous_2)
FNDA:1,(anonymous_3)
FNDA:2,(anonymous_4)
FNDA:2,(anonymous_5)
FNDA:8,(anonymous_6)
FNDA:11,(anonymous_7)
FNDA:3,(anonymous_8)
FNDA:3,(anonymous_9)
FNDA:3,(anonymous_10)
FNDA:29,(anonymous_11)
DA:26,11
DA:30,11
DA:34,11
DA:39,11
DA:44,11
DA:45,11
DA:48,11
DA:49,7
DA:56,11
DA:57,3
DA:59,1
DA:60,1
DA:62,1
DA:63,1
DA:65,1
DA:66,1
DA:69,11
DA:70,1
DA:71,1
DA:81,2
DA:82,2
DA:83,2
DA:91,2
DA:92,2
DA:93,2
DA:101,8
DA:102,8
DA:103,8
DA:105,8
DA:113,6
DA:114,6
DA:122,2
DA:123,2
DA:132,8
DA:133,8
DA:134,8
DA:139,11
DA:140,11
DA:141,11
DA:148,3
DA:149,3
DA:150,1
DA:159,3
DA:229,3
DA:289,29
DA:300,3
LF:46
LH:46
BRDA:45,0,0,0
BRDA:45,0,1,11
BRDA:57,1,0,1
BRDA:57,1,1,1
BRDA:57,1,2,1
BRDA:70,2,0,1
BRDA:70,2,1,0
BRDA:82,3,0,2
BRDA:82,3,1,0
BRDA:92,4,0,0
BRDA:92,4,1,2
BRDA:102,5,0,6
BRDA:102,5,1,2
BRDA:105,6,0,6
BRDA:105,6,1,2
BRDA:140,7,0,0
BRDA:140,7,1,11
BRDA:149,8,0,1
BRDA:149,8,1,2
BRDA:229,9,0,3
BRDA:229,9,1,3
BRF:21
BRH:16
end_of_record
TN:
SF:/Users/veith/Projects/veith/furoBaseComponents/node_modules/@furo/form/furo-input-row.js
FN:17,(anonymous_0)
FN:26,(anonymous_1)
FN:46,(anonymous_2)
FN:56,(anonymous_3)
FNF:4
FNH:4
FNDA:7,(anonymous_0)
FNDA:3,(anonymous_1)
FNDA:9,(anonymous_2)
FNDA:3,(anonymous_3)
DA:18,7
DA:23,7
DA:28,3
DA:48,9
DA:57,3
DA:69,3
LF:6
LH:6
BRDA:28,0,0,3
BRDA:28,0,1,3
BRF:2
BRH:2
end_of_record
TN:
SF:/Users/veith/Projects/veith/furoBaseComponents/node_modules/@furo/framework/environment.js
FN:10,(anonymous_0)
FNF:1
FNH:1
FNDA:28,(anonymous_0)
DA:10,28
DA:11,7
DA:13,7
DA:14,7
LF:4
LH:4
BRDA:10,0,0,7
BRDA:10,0,1,21
BRF:2
BRH:2
end_of_record
TN:
SF:/Users/veith/Projects/veith/furoBaseComponents/node_modules/@furo/framework/furo.js
FNF:0
FNH:0
LF:0
LH:0
BRF:0
BRH:0
end_of_record
TN:
SF:/Users/veith/Projects/veith/furoBaseComponents/node_modules/@furo/framework/i18n.js
FN:9,(anonymous_0)
FN:13,(anonymous_1)
FN:27,(anonymous_2)
FN:32,(anonymous_3)
FNF:4
FNH:1
FNDA:0,(anonymous_0)
FNDA:176,(anonymous_1)
FNDA:0,(anonymous_2)
FNDA:0,(anonymous_3)
DA:10,0
DA:15,176
DA:16,176
DA:17,176
DA:20,0
DA:22,0
DA:23,0
DA:24,0
DA:27,0
DA:28,0
DA:34,0
LF:11
LH:3
BRDA:15,0,0,176
BRDA:15,0,1,0
BRDA:22,1,0,0
BRDA:22,1,1,0
BRDA:27,2,0,0
BRDA:27,2,1,0
BRDA:28,3,0,0
BRDA:28,3,1,0
BRF:8
BRH:1
end_of_record
TN:
SF:/Users/veith/Projects/veith/furoBaseComponents/node_modules/@furo/framework/iconset.js
FN:28,(anonymous_0)
FN:34,(anonymous_1)
FNF:2
FNH:1
FNDA:1,(anonymous_0)
FNDA:0,(anonymous_1)
DA:30,1
DA:37,0
DA:39,0
DA:41,0
DA:43,0
DA:45,0
DA:49,0
DA:52,0
LF:8
LH:1
BRDA:39,0,0,0
BRDA:39,0,1,0
BRDA:43,1,0,0
BRDA:43,1,1,0
BRF:4
BRH:0
end_of_record
TN:
SF:/Users/veith/Projects/veith/furoBaseComponents/node_modules/@furo/framework/system.js
FN:9,(anonymous_0)
FN:13,(anonymous_1)
FN:17,(anonymous_2)
FN:28,(anonymous_3)
FNF:4
FNH:2
FNDA:0,(anonymous_0)
FNDA:4,(anonymous_1)
FNDA:6,(anonymous_2)
FNDA:0,(anonymous_3)
DA:10,0
DA:14,4
DA:18,6
DA:30,0
DA:31,0
DA:32,0
LF:6
LH:2
BRF:0
BRH:0
end_of_record
TN:
SF:/Users/veith/Projects/veith/furoBaseComponents/node_modules/@furo/framework/theme.js
FN:83,(anonymous_0)
FN:91,(anonymous_1)
FNF:2
FNH:1
FNDA:35,(anonymous_0)
FNDA:0,(anonymous_1)
DA:84,35
DA:92,0
DA:95,13
LF:3
LH:2
BRF:0
BRH:0
end_of_record
TN:
SF:/Users/veith/Projects/veith/furoBaseComponents/node_modules/@furo/navigation/fd-mini-tabs.js
FN:14,(anonymous_0)
FN:55,(anonymous_1)
FN:84,(anonymous_2)
FN:86,(anonymous_3)
FN:95,(anonymous_4)
FN:101,(anonymous_5)
FN:102,(anonymous_6)
FNF:7
FNH:1
FNDA:0,(anonymous_0)
FNDA:2,(anonymous_1)
FNDA:0,(anonymous_2)
FNDA:0,(anonymous_3)
FNDA:0,(anonymous_4)
FNDA:0,(anonymous_5)
FNDA:0,(anonymous_6)
DA:16,0
DA:56,2
DA:86,0
DA:87,0
DA:88,0
DA:90,0
DA:96,0
DA:97,0
DA:98,0
DA:102,0
DA:103,0
DA:108,2
LF:12
LH:2
BRDA:87,0,0,0
BRDA:87,0,1,0
BRF:2
BRH:0
end_of_record
TN:
SF:/Users/veith/Projects/veith/furoBaseComponents/node_modules/@furo/navigation/furo-tree-item.js
FN:19,(anonymous_0)
FN:25,(anonymous_1)
FN:40,(anonymous_2)
FN:62,(anonymous_3)
FN:79,(anonymous_4)
FN:83,(anonymous_5)
FN:85,(anonymous_6)
FN:90,(anonymous_7)
FN:96,(anonymous_8)
FN:114,(anonymous_9)
FN:119,(anonymous_10)
FN:125,(anonymous_11)
FN:136,(anonymous_12)
FN:143,(anonymous_13)
FN:146,(anonymous_14)
FN:151,(anonymous_15)
FN:173,(anonymous_16)
FN:177,(anonymous_17)
FN:181,(anonymous_18)
FN:186,(anonymous_19)
FN:190,(anonymous_20)
FN:194,(anonymous_21)
FN:200,(anonymous_22)
FN:205,(anonymous_23)
FN:217,(anonymous_24)
FN:324,(anonymous_25)
FN:327,(anonymous_26)
FNF:27
FNH:14
FNDA:267,(anonymous_0)
FNDA:0,(anonymous_1)
FNDA:0,(anonymous_2)
FNDA:2,(anonymous_3)
FNDA:242,(anonymous_4)
FNDA:203,(anonymous_5)
FNDA:1218,(anonymous_6)
FNDA:400,(anonymous_7)
FNDA:920,(anonymous_8)
FNDA:242,(anonymous_9)
FNDA:38,(anonymous_10)
FNDA:280,(anonymous_11)
FNDA:1,(anonymous_12)
FNDA:0,(anonymous_13)
FNDA:0,(anonymous_14)
FNDA:47,(anonymous_15)
FNDA:0,(anonymous_16)
FNDA:0,(anonymous_17)
FNDA:0,(anonymous_18)
FNDA:0,(anonymous_19)
FNDA:0,(anonymous_20)
FNDA:0,(anonymous_21)
FNDA:0,(anonymous_22)
FNDA:0,(anonymous_23)
FNDA:2,(anonymous_24)
FNDA:270,(anonymous_25)
FNDA:0,(anonymous_26)
DA:20,267
DA:21,267
DA:27,0
DA:29,0
DA:31,0
DA:32,0
DA:36,0
DA:39,0
DA:40,0
DA:41,0
DA:42,0
DA:44,0
DA:46,0
DA:50,0
DA:52,0
DA:63,2
DA:80,242
DA:83,242
DA:84,203
DA:85,203
DA:87,1218
DA:88,400
DA:91,400
DA:93,203
DA:95,203
DA:96,203
DA:98,920
DA:100,920
DA:101,1840
DA:102,1840
DA:103,5680
DA:107,203
DA:115,242
DA:116,242
DA:119,242
DA:120,38
DA:121,38
DA:125,242
DA:127,280
DA:128,126
DA:129,126
DA:134,242
DA:136,242
DA:138,1
DA:139,0
DA:143,242
DA:144,0
DA:146,242
DA:147,0
DA:151,242
DA:152,47
DA:153,47
DA:154,15
DA:156,32
DA:162,242
DA:163,26
DA:164,26
DA:167,242
DA:174,0
DA:177,0
DA:178,0
DA:181,0
DA:182,0
DA:183,0
DA:186,0
DA:187,0
DA:190,0
DA:191,0
DA:194,0
DA:195,0
DA:196,0
DA:200,0
DA:201,0
DA:205,0
DA:206,0
DA:219,2
DA:326,270
DA:327,0
DA:338,2
LF:79
LH:45
BRDA:27,0,0,0
BRDA:27,0,1,0
BRDA:31,1,0,0
BRDA:31,1,1,0
BRDA:41,2,0,0
BRDA:41,2,1,0
BRDA:42,3,0,0
BRDA:42,3,1,0
BRDA:46,4,0,0
BRDA:46,4,1,0
BRDA:50,5,0,0
BRDA:50,5,1,0
BRDA:87,6,0,400
BRDA:87,6,1,818
BRDA:127,7,0,126
BRDA:127,7,1,154
BRDA:138,8,0,0
BRDA:138,8,1,1
BRDA:153,9,0,15
BRDA:153,9,1,32
BRDA:162,10,0,26
BRDA:162,10,1,216
BRDA:219,11,0,2
BRDA:219,11,1,2
BRF:24
BRH:11
end_of_record
TN:
SF:/Users/veith/Projects/veith/furoBaseComponents/node_modules/@furo/navigation/furo-tree.js
FN:22,(anonymous_0)
FN:44,(anonymous_1)
FN:108,(anonymous_2)
FN:131,(anonymous_3)
FN:141,(anonymous_4)
FN:146,(anonymous_5)
FN:160,(anonymous_6)
FN:167,(anonymous_7)
FN:169,(anonymous_8)
FN:174,(anonymous_9)
FN:184,(anonymous_10)
FN:210,(anonymous_11)
FN:220,(anonymous_12)
FN:224,(anonymous_13)
FN:228,(anonymous_14)
FN:235,(anonymous_15)
FN:242,(anonymous_16)
FN:246,(anonymous_17)
FN:249,(anonymous_18)
FN:256,(anonymous_19)
FN:263,(anonymous_20)
FN:273,(anonymous_21)
FN:302,(anonymous_22)
FN:322,(anonymous_23)
FN:329,(anonymous_24)
FN:338,(anonymous_25)
FN:428,(anonymous_26)
FN:447,(anonymous_27)
FN:459,(anonymous_28)
FN:466,(anonymous_29)
FN:481,(anonymous_30)
FN:487,(anonymous_31)
FN:489,(anonymous_32)
FN:529,(anonymous_33)
FN:565,(anonymous_34)
FN:585,(anonymous_35)
FN:594,(anonymous_36)
FN:604,(anonymous_37)
FN:609,(anonymous_38)
FN:614,(anonymous_39)
FN:619,(anonymous_40)
FN:625,(anonymous_41)
FN:635,(anonymous_42)
FN:641,(anonymous_43)
FN:645,(anonymous_44)
FN:650,(anonymous_45)
FN:654,(anonymous_46)
FN:666,(anonymous_47)
FN:672,(anonymous_48)
FNF:49
FNH:44
FNDA:25,(anonymous_0)
FNDA:49,(anonymous_1)
FNDA:0,(anonymous_2)
FNDA:0,(anonymous_3)
FNDA:0,(anonymous_4)
FNDA:0,(anonymous_5)
FNDA:8,(anonymous_6)
FNDA:8,(anonymous_7)
FNDA:0,(anonymous_8)
FNDA:2,(anonymous_9)
FNDA:3,(anonymous_10)
FNDA:1,(anonymous_11)
FNDA:1,(anonymous_12)
FNDA:3,(anonymous_13)
FNDA:1,(anonymous_14)
FNDA:1,(anonymous_15)
FNDA:1,(anonymous_16)
FNDA:1,(anonymous_17)
FNDA:1,(anonymous_18)
FNDA:1,(anonymous_19)
FNDA:1,(anonymous_20)
FNDA:30,(anonymous_21)
FNDA:2,(anonymous_22)
FNDA:1,(anonymous_23)
FNDA:25,(anonymous_24)
FNDA:2,(anonymous_25)
FNDA:25,(anonymous_26)
FNDA:25,(anonymous_27)
FNDA:2,(anonymous_28)
FNDA:27,(anonymous_29)
FNDA:27,(anonymous_30)
FNDA:25,(anonymous_31)
FNDA:61,(anonymous_32)
FNDA:18,(anonymous_33)
FNDA:27,(anonymous_34)
FNDA:30,(anonymous_35)
FNDA:3,(anonymous_36)
FNDA:84,(anonymous_37)
FNDA:2,(anonymous_38)
FNDA:4,(anonymous_39)
FNDA:61,(anonymous_40)
FNDA:18,(anonymous_41)
FNDA:26,(anonymous_42)
FNDA:4,(anonymous_43)
FNDA:35,(anonymous_44)
FNDA:2,(anonymous_45)
FNDA:14,(anonymous_46)
FNDA:171,(anonymous_47)
FNDA:216,(anonymous_48)
DA:23,25
DA:29,25
DA:30,25
DA:31,25
DA:32,25
DA:39,25
DA:40,25
DA:44,25
DA:45,49
DA:47,49
DA:49,13
DA:51,13
DA:53,0
DA:56,13
DA:58,13
DA:60,26
DA:61,26
DA:62,26
DA:64,2
DA:65,2
DA:66,2
DA:69,3
DA:71,3
DA:73,3
DA:74,1
DA:76,2
DA:78,3
DA:80,5
DA:82,5
DA:84,5
DA:85,2
DA:87,3
DA:89,5
DA:93,0
DA:94,0
DA:95,0
DA:98,0
DA:100,0
DA:101,0
DA:108,25
DA:109,0
DA:111,0
DA:112,0
DA:114,0
DA:115,0
DA:116,0
DA:118,0
DA:121,0
DA:122,0
DA:123,0
DA:132,0
DA:133,0
DA:134,0
DA:136,0
DA:142,0
DA:143,0
DA:147,0
DA:148,0
DA:149,0
DA:150,0
DA:153,0
DA:154,0
DA:156,0
DA:157,0
DA:161,8
DA:162,8
DA:163,8
DA:164,8
DA:168,8
DA:169,8
DA:170,0
DA:175,2
DA:176,2
DA:177,2
DA:186,3
DA:187,0
DA:188,0
DA:189,0
DA:190,0
DA:195,0
DA:196,0
DA:199,3
DA:202,3
DA:203,3
DA:211,1
DA:212,1
DA:214,1
DA:221,1
DA:225,3
DA:229,1
DA:236,1
DA:243,1
DA:247,1
DA:248,1
DA:249,1
DA:250,1
DA:257,1
DA:264,1
DA:265,1
DA:267,1
DA:276,30
DA:278,0
DA:280,0
DA:281,0
DA:282,0
DA:286,0
DA:287,0
DA:290,30
DA:293,30
DA:294,26
DA:303,2
DA:323,1
DA:330,25
DA:340,2
DA:430,25
DA:448,25
DA:449,0
DA:457,25
DA:459,25
DA:460,2
DA:463,25
DA:468,27
DA:471,27
DA:473,27
DA:474,25
DA:476,27
DA:480,27
DA:481,27
DA:482,27
DA:489,25
DA:493,61
DA:494,61
DA:497,61
DA:503,58
DA:504,58
DA:505,58
DA:506,58
DA:512,10
DA:513,10
DA:514,10
DA:521,48
DA:522,48
DA:523,48
DA:529,25
DA:531,18
DA:532,18
DA:539,18
DA:540,18
DA:541,18
DA:542,18
DA:548,5
DA:549,5
DA:550,5
DA:557,13
DA:558,13
DA:559,13
DA:567,27
DA:568,27
DA:569,27
DA:572,27
DA:573,243
DA:574,243
DA:577,243
DA:578,0
DA:579,0
DA:585,243
DA:586,30
DA:587,38
DA:588,26
DA:591,4
DA:594,243
DA:595,3
DA:596,4
DA:597,3
DA:600,0
DA:604,243
DA:605,84
DA:609,243
DA:610,2
DA:614,243
DA:615,4
DA:619,243
DA:620,61
DA:621,61
DA:625,243
DA:626,18
DA:627,18
DA:630,18
DA:635,243
DA:636,26
DA:641,243
DA:642,4
DA:645,243
DA:646,35
DA:650,243
DA:651,2
DA:654,243
DA:655,14
DA:660,27
DA:662,27
DA:667,171
DA:668,0
DA:670,171
DA:672,171
DA:673,216
DA:674,216
DA:675,216
DA:676,216
DA:677,144
DA:683,2
LF:210
LH:161
BRDA:39,0,0,25
BRDA:39,0,1,25
BRDA:45,1,0,49
BRDA:45,1,1,0
BRDA:47,2,0,13
BRDA:47,2,1,26
BRDA:47,2,2,2
BRDA:47,2,3,3
BRDA:47,2,4,5
BRDA:47,2,5,0
BRDA:47,2,6,0
BRDA:51,3,0,0
BRDA:51,3,1,13
BRDA:73,4,0,1
BRDA:73,4,1,2
BRDA:73,5,0,3
BRDA:73,5,1,2
BRDA:84,6,0,2
BRDA:84,6,1,3
BRDA:84,7,0,5
BRDA:84,7,1,5
BRDA:93,8,0,0
BRDA:93,8,1,0
BRDA:109,9,0,0
BRDA:109,9,1,0
BRDA:111,10,0,0
BRDA:111,10,1,0
BRDA:114,11,0,0
BRDA:114,11,1,0
BRDA:118,12,0,0
BRDA:133,13,0,0
BRDA:133,13,1,0
BRDA:153,14,0,0
BRDA:153,14,1,0
BRDA:176,15,0,2
BRDA:176,15,1,0
BRDA:186,16,0,0
BRDA:186,16,1,3
BRDA:188,17,0,0
BRDA:188,17,1,0
BRDA:195,18,0,0
BRDA:195,18,1,0
BRDA:202,19,0,3
BRDA:202,19,1,0
BRDA:211,20,0,1
BRDA:211,20,1,0
BRDA:264,21,0,1
BRDA:264,21,1,0
BRDA:276,22,0,0
BRDA:276,22,1,30
BRDA:280,23,0,0
BRDA:280,23,1,0
BRDA:286,24,0,0
BRDA:286,24,1,0
BRDA:293,25,0,26
BRDA:293,25,1,4
BRDA:340,26,0,2
BRDA:340,26,1,2
BRDA:448,27,0,0
BRDA:448,27,1,25
BRDA:473,28,0,25
BRDA:473,28,1,2
BRDA:497,29,0,58
BRDA:497,29,1,3
BRDA:506,30,0,10
BRDA:506,30,1,48
BRDA:542,31,0,5
BRDA:542,31,1,13
BRDA:577,32,0,0
BRDA:577,32,1,243
BRDA:587,33,0,26
BRDA:587,33,1,12
BRDA:596,34,0,3
BRDA:596,34,1,1
BRDA:667,35,0,0
BRDA:667,35,1,171
BRDA:667,36,0,171
BRDA:667,36,1,0
BRDA:676,37,0,144
BRDA:676,37,1,72
BRF:80
BRH:45
end_of_record
TN:
SF:/Users/veith/Projects/veith/furoBaseComponents/node_modules/@furo/route/furo-app-flow-router.js
FN:19,(anonymous_0)
FN:42,(anonymous_1)
FN:51,(anonymous_2)
FN:55,(anonymous_3)
FN:85,(anonymous_4)
FN:141,(anonymous_5)
FN:145,(anonymous_6)
FNF:7
FNH:7
FNDA:8,(anonymous_0)
FNDA:1,(anonymous_1)
FNDA:1,(anonymous_2)
FNDA:3,(anonymous_3)
FNDA:11,(anonymous_4)
FNDA:8,(anonymous_5)
FNDA:64,(anonymous_6)
DA:20,8
DA:21,8
DA:35,8
DA:44,1
DA:52,1
DA:56,3
DA:87,11
DA:88,11
DA:89,11
DA:90,11
DA:91,11
DA:92,10
DA:93,10
DA:94,10
DA:95,5
DA:98,10
DA:99,3
DA:101,10
DA:102,0
DA:104,10
DA:110,10
DA:111,10
DA:112,10
DA:113,10
DA:121,10
DA:122,10
DA:123,10
DA:124,10
DA:132,1
DA:133,1
DA:134,1
DA:135,1
DA:142,8
DA:143,8
DA:145,8
DA:146,64
DA:152,3
LF:37
LH:36
BRDA:35,0,0,8
BRDA:35,0,1,0
BRDA:89,1,0,11
BRDA:89,1,1,0
BRDA:90,2,0,11
BRDA:90,2,1,8
BRDA:91,3,0,10
BRDA:91,3,1,1
BRDA:98,4,0,3
BRDA:98,4,1,7
BRDA:101,5,0,0
BRDA:101,5,1,10
BRF:12
BRH:9
end_of_record
TN:
SF:/Users/veith/Projects/veith/furoBaseComponents/node_modules/@furo/route/furo-app-flow.js
FN:4,TypeAppFlow
FN:18,(anonymous_1)
FN:23,(anonymous_2)
FN:34,(anonymous_3)
FN:38,(anonymous_4)
FN:42,(anonymous_5)
FN:50,(anonymous_6)
FNF:7
FNH:4
FNDA:16,TypeAppFlow
FNDA:13,(anonymous_1)
FNDA:3,(anonymous_2)
FNDA:0,(anonymous_3)
FNDA:0,(anonymous_4)
FNDA:0,(anonymous_5)
FNDA:16,(anonymous_6)
DA:5,16
DA:6,16
DA:19,13
DA:20,13
DA:24,3
DA:35,0
DA:39,0
DA:43,0
DA:52,16
DA:54,16
DA:55,9
DA:64,16
DA:65,16
DA:66,16
DA:67,16
DA:71,3
LF:16
LH:13
BRF:0
BRH:0
end_of_record
TN:
SF:/Users/veith/Projects/veith/furoBaseComponents/node_modules/@furo/route/furo-location.js
FN:14,(anonymous_0)
FN:56,(anonymous_1)
FN:64,(anonymous_2)
FN:75,(anonymous_3)
FN:84,(anonymous_4)
FN:97,(anonymous_5)
FN:98,(anonymous_6)
FN:139,(anonymous_7)
FN:160,(anonymous_8)
FN:193,(anonymous_9)
FN:243,(anonymous_10)
FN:260,(anonymous_11)
FNF:12
FNH:7
FNDA:6,(anonymous_0)
FNDA:6,(anonymous_1)
FNDA:6,(anonymous_2)
FNDA:6,(anonymous_3)
FNDA:0,(anonymous_4)
FNDA:6,(anonymous_5)
FNDA:9,(anonymous_6)
FNDA:0,(anonymous_7)
FNDA:8,(anonymous_8)
FNDA:0,(anonymous_9)
FNDA:0,(anonymous_10)
FNDA:0,(anonymous_11)
DA:15,6
DA:16,6
DA:17,6
DA:35,6
DA:46,6
DA:49,6
DA:57,6
DA:58,6
DA:59,6
DA:60,6
DA:61,6
DA:64,6
DA:65,6
DA:76,6
DA:77,6
DA:78,6
DA:79,6
DA:86,0
DA:87,0
DA:88,0
DA:90,0
DA:91,0
DA:93,0
DA:98,6
DA:99,9
DA:102,9
DA:103,0
DA:104,0
DA:110,9
DA:111,9
DA:112,6
DA:115,6
DA:117,6
DA:118,6
DA:119,42
DA:129,6
DA:130,6
DA:131,6
DA:134,9
DA:135,9
DA:136,6
DA:137,6
DA:138,6
DA:139,0
DA:140,0
DA:141,0
DA:149,6
DA:150,6
DA:151,6
DA:155,9
DA:156,9
DA:157,9
DA:158,9
DA:159,9
DA:160,8
DA:161,8
DA:162,8
DA:170,9
DA:171,9
DA:173,9
DA:182,9
DA:183,9
DA:184,9
DA:193,6
DA:195,0
DA:198,0
DA:199,0
DA:203,0
DA:204,0
DA:208,0
DA:209,0
DA:210,0
DA:215,0
DA:216,0
DA:219,0
DA:220,0
DA:221,0
DA:223,0
DA:224,0
DA:226,0
DA:229,0
DA:233,0
DA:246,0
DA:247,0
DA:249,0
DA:250,0
DA:252,0
DA:253,0
DA:261,0
DA:262,0
DA:263,0
DA:264,0
DA:268,3
LF:93
LH:54
BRDA:35,0,0,6
BRDA:35,0,1,6
BRDA:46,1,0,6
BRDA:46,1,1,6
BRDA:87,2,0,0
BRDA:87,2,1,0
BRDA:90,3,0,0
BRDA:90,3,1,0
BRDA:102,4,0,0
BRDA:102,4,1,9
BRDA:103,5,0,0
BRDA:103,5,1,0
BRDA:111,6,0,6
BRDA:111,6,1,3
BRDA:135,7,0,6
BRDA:135,7,1,3
BRDA:138,8,0,0
BRDA:138,8,1,6
BRDA:156,9,0,9
BRDA:156,9,1,0
BRDA:159,10,0,8
BRDA:159,10,1,1
BRDA:198,11,0,0
BRDA:198,11,1,0
BRDA:203,12,0,0
BRDA:203,12,1,0
BRDA:208,13,0,0
BRDA:208,13,1,0
BRDA:209,14,0,0
BRDA:209,14,1,0
BRDA:215,15,0,0
BRDA:215,15,1,0
BRDA:223,16,0,0
BRDA:223,16,1,0
BRDA:246,17,0,0
BRDA:246,17,1,0
BRDA:249,18,0,0
BRDA:249,18,1,0
BRF:38
BRH:13
end_of_record
TN:
SF:/Users/veith/Projects/veith/furoBaseComponents/node_modules/@furo/route/furo-pages.js
FN:14,(anonymous_0)
FN:32,(anonymous_1)
FN:34,(anonymous_2)
FN:47,(anonymous_3)
FN:56,(anonymous_4)
FN:65,(anonymous_5)
FN:130,(anonymous_6)
FN:143,(anonymous_7)
FNF:8
FNH:7
FNDA:6,(anonymous_0)
FNDA:6,(anonymous_1)
FNDA:6,(anonymous_2)
FNDA:14,(anonymous_3)
FNDA:0,(anonymous_4)
FNDA:14,(anonymous_5)
FNDA:3,(anonymous_6)
FNDA:6,(anonymous_7)
DA:15,6
DA:16,6
DA:18,6
DA:19,6
DA:20,6
DA:21,6
DA:22,6
DA:25,6
DA:26,6
DA:27,12
DA:33,6
DA:34,6
DA:36,6
DA:37,6
DA:48,14
DA:57,0
DA:67,14
DA:69,14
DA:70,8
DA:71,1
DA:73,8
DA:74,8
DA:77,14
DA:79,14
DA:81,0
DA:82,0
DA:84,0
DA:87,14
DA:89,14
DA:90,14
DA:91,14
DA:93,14
DA:94,14
DA:95,7
DA:101,14
DA:102,0
DA:104,0
DA:105,0
DA:110,14
DA:111,0
DA:113,0
DA:114,0
DA:118,14
DA:120,0
DA:132,3
DA:145,6
DA:152,3
LF:47
LH:36
BRDA:19,0,0,6
BRDA:19,0,1,6
BRDA:36,1,0,6
BRDA:36,1,1,0
BRDA:67,2,0,14
BRDA:67,2,1,0
BRDA:69,3,0,8
BRDA:69,3,1,6
BRDA:69,4,0,14
BRDA:69,4,1,8
BRDA:70,5,0,1
BRDA:70,5,1,7
BRDA:79,6,0,0
BRDA:79,6,1,14
BRDA:82,7,0,0
BRDA:82,7,1,0
BRDA:87,8,0,14
BRDA:87,8,1,0
BRDA:89,9,0,14
BRDA:89,9,1,0
BRDA:94,10,0,7
BRDA:94,10,1,7
BRDA:101,11,0,0
BRDA:101,11,1,14
BRDA:104,12,0,0
BRDA:104,12,1,0
BRDA:110,13,0,0
BRDA:110,13,1,14
BRDA:113,14,0,0
BRDA:113,14,1,0
BRF:30
BRH:17
end_of_record
TN:
SF:/Users/veith/Projects/veith/furoBaseComponents/node_modules/@furo/route/furo-panel-coordinator.js
FN:18,(anonymous_0)
FN:47,(anonymous_1)
FN:53,(anonymous_2)
FN:59,(anonymous_3)
FN:64,(anonymous_4)
FN:84,(anonymous_5)
FN:91,(anonymous_6)
FN:103,(anonymous_7)
FN:105,(anonymous_8)
FN:114,(anonymous_9)
FN:117,(anonymous_10)
FN:122,(anonymous_11)
FN:145,(anonymous_12)
FN:146,(anonymous_13)
FN:157,(anonymous_14)
FN:164,(anonymous_15)
FN:179,(anonymous_16)
FN:222,(anonymous_17)
FN:233,(anonymous_18)
FN:266,(anonymous_19)
FN:288,(anonymous_20)
FN:298,(anonymous_21)
FNF:22
FNH:15
FNDA:6,(anonymous_0)
FNDA:9,(anonymous_1)
FNDA:6,(anonymous_2)
FNDA:3,(anonymous_3)
FNDA:2,(anonymous_4)
FNDA:0,(anonymous_5)
FNDA:6,(anonymous_6)
FNDA:42,(anonymous_7)
FNDA:54,(anonymous_8)
FNDA:9,(anonymous_9)
FNDA:80,(anonymous_10)
FNDA:3,(anonymous_11)
FNDA:0,(anonymous_12)
FNDA:0,(anonymous_13)
FNDA:0,(anonymous_14)
FNDA:0,(anonymous_15)
FNDA:0,(anonymous_16)
FNDA:8,(anonymous_17)
FNDA:0,(anonymous_18)
FNDA:8,(anonymous_19)
FNDA:6,(anonymous_20)
FNDA:6,(anonymous_21)
DA:19,6
DA:20,6
DA:21,6
DA:22,6
DA:29,6
DA:44,6
DA:47,6
DA:48,9
DA:54,6
DA:59,6
DA:60,3
DA:61,3
DA:62,3
DA:63,3
DA:64,2
DA:65,2
DA:66,2
DA:69,3
DA:70,3
DA:71,3
DA:72,3
DA:73,3
DA:77,3
DA:78,3
DA:79,3
DA:80,3
DA:81,3
DA:84,6
DA:85,0
DA:88,6
DA:92,6
DA:93,6
DA:94,6
DA:96,6
DA:97,0
DA:98,0
DA:105,42
DA:106,54
DA:108,54
DA:109,36
DA:115,9
DA:116,8
DA:117,8
DA:118,80
DA:120,8
DA:122,8
DA:123,3
DA:124,3
DA:126,3
DA:127,3
DA:128,3
DA:132,8
DA:136,0
DA:146,0
DA:147,0
DA:159,0
DA:161,0
DA:164,0
DA:165,0
DA:168,0
DA:170,0
DA:173,0
DA:176,0
DA:177,0
DA:178,0
DA:179,0
DA:180,0
DA:181,0
DA:185,0
DA:186,0
DA:187,0
DA:188,0
DA:189,0
DA:193,0
DA:194,0
DA:195,0
DA:196,0
DA:197,0
DA:208,0
DA:209,0
DA:210,0
DA:217,0
DA:218,0
DA:219,0
DA:223,8
DA:225,8
DA:226,7
DA:227,7
DA:229,7
DA:230,7
DA:231,7
DA:232,7
DA:233,7
DA:234,0
DA:236,7
DA:237,7
DA:245,7
DA:246,7
DA:247,7
DA:254,7
DA:255,7
DA:256,7
DA:260,0
DA:266,8
DA:267,8
DA:268,8
DA:271,7
DA:272,6
DA:273,6
DA:274,6
DA:276,7
DA:290,6
DA:299,6
DA:304,3
LF:114
LH:77
BRDA:29,0,0,6
BRDA:29,0,1,6
BRDA:44,1,0,6
BRDA:44,1,1,6
BRDA:63,2,0,2
BRDA:63,2,1,1
BRDA:72,3,0,3
BRDA:72,3,1,0
BRDA:93,4,0,6
BRDA:93,4,1,0
BRDA:96,5,0,0
BRDA:96,5,1,6
BRDA:96,6,0,6
BRDA:96,6,1,6
BRDA:108,7,0,36
BRDA:108,7,1,18
BRDA:115,8,0,8
BRDA:115,8,1,1
BRDA:116,9,0,8
BRDA:116,9,1,0
BRDA:120,10,0,8
BRDA:120,10,1,0
BRDA:127,11,0,3
BRDA:127,11,1,0
BRDA:168,12,0,0
BRDA:168,12,1,0
BRDA:178,13,0,0
BRDA:178,13,1,0
BRDA:188,14,0,0
BRDA:188,14,1,0
BRDA:225,15,0,7
BRDA:225,15,1,1
BRDA:227,16,0,7
BRDA:227,16,1,0
BRDA:268,17,0,7
BRDA:268,17,1,1
BRDA:268,18,0,8
BRDA:268,18,1,8
BRDA:271,19,0,6
BRDA:271,19,1,1
BRF:40
BRH:27
end_of_record
TN:
SF:/Users/veith/Projects/veith/furoBaseComponents/node_modules/@furo/util/furo-head-tail.js
FN:29,(anonymous_0)
FNF:1
FNH:1
FNDA:3,(anonymous_0)
DA:31,3
DA:32,1
DA:33,1
DA:35,2
DA:42,2
DA:43,2
DA:44,2
DA:51,2
DA:52,2
DA:53,2
DA:57,1
LF:11
LH:11
BRDA:31,0,0,1
BRDA:31,0,1,2
BRF:2
BRH:2
end_of_record
TN:
SF:/Users/veith/Projects/veith/furoBaseComponents/node_modules/@furo/util/furo-pretty-json.js
FN:14,(anonymous_0)
FN:19,(anonymous_1)
FN:23,(anonymous_2)
FN:65,(anonymous_3)
FN:74,(anonymous_4)
FN:79,(anonymous_5)
FN:97,(anonymous_6)
FNF:7
FNH:7
FNDA:6,(anonymous_0)
FNDA:2,(anonymous_1)
FNDA:2,(anonymous_2)
FNDA:5,(anonymous_3)
FNDA:5,(anonymous_4)
FNDA:40,(anonymous_5)
FNDA:6,(anonymous_6)
DA:15,6
DA:20,2
DA:25,2
DA:66,5
DA:67,5
DA:68,5
DA:70,5
DA:75,5
DA:76,0
DA:78,5
DA:79,5
DA:80,40
DA:81,40
DA:82,40
DA:83,20
DA:85,20
DA:87,0
DA:88,0
DA:89,0
DA:90,0
DA:92,40
DA:99,6
DA:106,2
LF:23
LH:18
BRDA:25,0,0,2
BRDA:25,0,1,2
BRDA:66,1,0,5
BRDA:66,1,1,0
BRDA:75,2,0,0
BRDA:75,2,1,5
BRDA:81,3,0,40
BRDA:81,3,1,0
BRDA:82,4,0,20
BRDA:82,4,1,20
BRDA:87,5,0,0
BRDA:87,5,1,0
BRDA:89,6,0,0
BRDA:89,6,1,0
BRF:14
BRH:7
end_of_record
TN:
SF:/Users/veith/Projects/veith/furoBaseComponents/node_modules/@furo/util/lazy-load.js
FNF:0
FNH:0
LF:0
LH:0
BRF:0
BRH:0
end_of_record
